<?xml version="1.0" encoding="UTF-8"?>
<testsuite xmlns:xsi="http://www.w3.org/2001/XMLSchema-instance" xsi:noNamespaceSchemaLocation="https://maven.apache.org/surefire/maven-failsafe-plugin/xsd/failsafe-test-report-3.0.xsd" version="3.0" name="com.enginegroup.runner.SingleTestRunner" time="4.257" tests="2" errors="1" skipped="0" failures="0">
  <properties>
    <property name="gopherProxySet" value="false"/>
    <property name="awt.toolkit" value="sun.lwawt.macosx.LWCToolkit"/>
    <property name="file.encoding.pkg" value="sun.io"/>
    <property name="java.specification.version" value="1.8"/>
    <property name="sun.cpu.isalist" value=""/>
    <property name="sun.jnu.encoding" value="UTF-8"/>
    <property name="java.class.path" value="/Users/BhavaniPrasad.Bandla/IdeaProjects/local_projects/poc/serenity-bdd-sample-main/target/test-classes:/Users/BhavaniPrasad.Bandla/IdeaProjects/local_projects/poc/serenity-bdd-sample-main/target/serenity.bdd.sample-1.0.0-SNAPSHOT.jar:/Users/BhavaniPrasad.Bandla/.m2/repository/net/serenity-bdd/serenity-core/3.2.4/serenity-core-3.2.4.jar:/Users/BhavaniPrasad.Bandla/.m2/repository/net/serenity-bdd/serenity-model/3.2.4/serenity-model-3.2.4.jar:/Users/BhavaniPrasad.Bandla/.m2/repository/org/apache/commons/commons-text/1.9/commons-text-1.9.jar:/Users/BhavaniPrasad.Bandla/.m2/repository/commons-net/commons-net/3.8.0/commons-net-3.8.0.jar:/Users/BhavaniPrasad.Bandla/.m2/repository/com/google/guava/guava/31.1-jre/guava-31.1-jre.jar:/Users/BhavaniPrasad.Bandla/.m2/repository/com/google/guava/failureaccess/1.0.1/failureaccess-1.0.1.jar:/Users/BhavaniPrasad.Bandla/.m2/repository/com/google/guava/listenablefuture/9999.0-empty-to-avoid-conflict-with-guava/listenablefuture-9999.0-empty-to-avoid-conflict-with-guava.jar:/Users/BhavaniPrasad.Bandla/.m2/repository/com/google/code/findbugs/jsr305/3.0.2/jsr305-3.0.2.jar:/Users/BhavaniPrasad.Bandla/.m2/repository/org/checkerframework/checker-qual/3.12.0/checker-qual-3.12.0.jar:/Users/BhavaniPrasad.Bandla/.m2/repository/com/google/errorprone/error_prone_annotations/2.11.0/error_prone_annotations-2.11.0.jar:/Users/BhavaniPrasad.Bandla/.m2/repository/com/google/j2objc/j2objc-annotations/1.3/j2objc-annotations-1.3.jar:/Users/BhavaniPrasad.Bandla/.m2/repository/com/google/inject/guice/5.1.0/guice-5.1.0.jar:/Users/BhavaniPrasad.Bandla/.m2/repository/javax/inject/javax.inject/1/javax.inject-1.jar:/Users/BhavaniPrasad.Bandla/.m2/repository/aopalliance/aopalliance/1.0/aopalliance-1.0.jar:/Users/BhavaniPrasad.Bandla/.m2/repository/org/jsoup/jsoup/1.14.3/jsoup-1.14.3.jar:/Users/BhavaniPrasad.Bandla/.m2/repository/com/thoughtworks/xstream/xstream/1.4.19/xstream-1.4.19.jar:/Users/BhavaniPrasad.Bandla/.m2/repository/io/github/x-stream/mxparser/1.2.2/mxparser-1.2.2.jar:/Users/BhavaniPrasad.Bandla/.m2/repository/xmlpull/xmlpull/1.1.3.1/xmlpull-1.1.3.1.jar:/Users/BhavaniPrasad.Bandla/.m2/repository/io/cucumber/cucumber-java/7.2.3/cucumber-java-7.2.3.jar:/Users/BhavaniPrasad.Bandla/.m2/repository/com/typesafe/config/1.4.2/config-1.4.2.jar:/Users/BhavaniPrasad.Bandla/.m2/repository/org/imgscalr/imgscalr-lib/4.2/imgscalr-lib-4.2.jar:/Users/BhavaniPrasad.Bandla/.m2/repository/org/awaitility/awaitility/4.2.0/awaitility-4.2.0.jar:/Users/BhavaniPrasad.Bandla/.m2/repository/org/freemarker/freemarker/2.3.31/freemarker-2.3.31.jar:/Users/BhavaniPrasad.Bandla/.m2/repository/io/github/classgraph/classgraph/4.8.138/classgraph-4.8.138.jar:/Users/BhavaniPrasad.Bandla/.m2/repository/net/sourceforge/jexcelapi/jxl/2.6.12/jxl-2.6.12.jar:/Users/BhavaniPrasad.Bandla/.m2/repository/net/bytebuddy/byte-buddy/1.12.8/byte-buddy-1.12.8.jar:/Users/BhavaniPrasad.Bandla/.m2/repository/net/bytebuddy/byte-buddy-agent/1.12.8/byte-buddy-agent-1.12.8.jar:/Users/BhavaniPrasad.Bandla/.m2/repository/org/objenesis/objenesis/3.1/objenesis-3.1.jar:/Users/BhavaniPrasad.Bandla/.m2/repository/net/serenity-bdd/serenity-reports/3.2.4/serenity-reports-3.2.4.jar:/Users/BhavaniPrasad.Bandla/.m2/repository/com/vladsch/flexmark/flexmark-all/0.34.30/flexmark-all-0.34.30.jar:/Users/BhavaniPrasad.Bandla/.m2/repository/com/vladsch/flexmark/flexmark/0.34.30/flexmark-0.34.30.jar:/Users/BhavaniPrasad.Bandla/.m2/repository/com/vladsch/flexmark/flexmark-ext-abbreviation/0.34.30/flexmark-ext-abbreviation-0.34.30.jar:/Users/BhavaniPrasad.Bandla/.m2/repository/com/vladsch/flexmark/flexmark-ext-admonition/0.34.30/flexmark-ext-admonition-0.34.30.jar:/Users/BhavaniPrasad.Bandla/.m2/repository/com/vladsch/flexmark/flexmark-ext-anchorlink/0.34.30/flexmark-ext-anchorlink-0.34.30.jar:/Users/BhavaniPrasad.Bandla/.m2/repository/com/vladsch/flexmark/flexmark-ext-aside/0.34.30/flexmark-ext-aside-0.34.30.jar:/Users/BhavaniPrasad.Bandla/.m2/repository/com/vladsch/flexmark/flexmark-ext-attributes/0.34.30/flexmark-ext-attributes-0.34.30.jar:/Users/BhavaniPrasad.Bandla/.m2/repository/com/vladsch/flexmark/flexmark-ext-autolink/0.34.30/flexmark-ext-autolink-0.34.30.jar:/Users/BhavaniPrasad.Bandla/.m2/repository/org/nibor/autolink/autolink/0.6.0/autolink-0.6.0.jar:/Users/BhavaniPrasad.Bandla/.m2/repository/com/vladsch/flexmark/flexmark-ext-definition/0.34.30/flexmark-ext-definition-0.34.30.jar:/Users/BhavaniPrasad.Bandla/.m2/repository/com/vladsch/flexmark/flexmark-ext-emoji/0.34.30/flexmark-ext-emoji-0.34.30.jar:/Users/BhavaniPrasad.Bandla/.m2/repository/com/vladsch/flexmark/flexmark-ext-enumerated-reference/0.34.30/flexmark-ext-enumerated-reference-0.34.30.jar:/Users/BhavaniPrasad.Bandla/.m2/repository/com/vladsch/flexmark/flexmark-ext-escaped-character/0.34.30/flexmark-ext-escaped-character-0.34.30.jar:/Users/BhavaniPrasad.Bandla/.m2/repository/com/vladsch/flexmark/flexmark-ext-footnotes/0.34.30/flexmark-ext-footnotes-0.34.30.jar:/Users/BhavaniPrasad.Bandla/.m2/repository/com/vladsch/flexmark/flexmark-ext-gfm-issues/0.34.30/flexmark-ext-gfm-issues-0.34.30.jar:/Users/BhavaniPrasad.Bandla/.m2/repository/com/vladsch/flexmark/flexmark-ext-gfm-strikethrough/0.34.30/flexmark-ext-gfm-strikethrough-0.34.30.jar:/Users/BhavaniPrasad.Bandla/.m2/repository/com/vladsch/flexmark/flexmark-ext-gfm-tables/0.34.30/flexmark-ext-gfm-tables-0.34.30.jar:/Users/BhavaniPrasad.Bandla/.m2/repository/com/vladsch/flexmark/flexmark-ext-gfm-tasklist/0.34.30/flexmark-ext-gfm-tasklist-0.34.30.jar:/Users/BhavaniPrasad.Bandla/.m2/repository/com/vladsch/flexmark/flexmark-ext-gfm-users/0.34.30/flexmark-ext-gfm-users-0.34.30.jar:/Users/BhavaniPrasad.Bandla/.m2/repository/com/vladsch/flexmark/flexmark-ext-gitlab/0.34.30/flexmark-ext-gitlab-0.34.30.jar:/Users/BhavaniPrasad.Bandla/.m2/repository/com/vladsch/flexmark/flexmark-ext-jekyll-front-matter/0.34.30/flexmark-ext-jekyll-front-matter-0.34.30.jar:/Users/BhavaniPrasad.Bandla/.m2/repository/com/vladsch/flexmark/flexmark-ext-jekyll-tag/0.34.30/flexmark-ext-jekyll-tag-0.34.30.jar:/Users/BhavaniPrasad.Bandla/.m2/repository/com/vladsch/flexmark/flexmark-ext-media-tags/0.34.30/flexmark-ext-media-tags-0.34.30.jar:/Users/BhavaniPrasad.Bandla/.m2/repository/com/vladsch/flexmark/flexmark-test-util/0.34.30/flexmark-test-util-0.34.30.jar:/Users/BhavaniPrasad.Bandla/.m2/repository/com/vladsch/flexmark/flexmark-ext-ins/0.34.30/flexmark-ext-ins-0.34.30.jar:/Users/BhavaniPrasad.Bandla/.m2/repository/com/vladsch/flexmark/flexmark-ext-xwiki-macros/0.34.30/flexmark-ext-xwiki-macros-0.34.30.jar:/Users/BhavaniPrasad.Bandla/.m2/repository/com/vladsch/flexmark/flexmark-ext-superscript/0.34.30/flexmark-ext-superscript-0.34.30.jar:/Users/BhavaniPrasad.Bandla/.m2/repository/com/vladsch/flexmark/flexmark-ext-tables/0.34.30/flexmark-ext-tables-0.34.30.jar:/Users/BhavaniPrasad.Bandla/.m2/repository/com/vladsch/flexmark/flexmark-ext-toc/0.34.30/flexmark-ext-toc-0.34.30.jar:/Users/BhavaniPrasad.Bandla/.m2/repository/com/vladsch/flexmark/flexmark-ext-typographic/0.34.30/flexmark-ext-typographic-0.34.30.jar:/Users/BhavaniPrasad.Bandla/.m2/repository/com/vladsch/flexmark/flexmark-ext-wikilink/0.34.30/flexmark-ext-wikilink-0.34.30.jar:/Users/BhavaniPrasad.Bandla/.m2/repository/com/vladsch/flexmark/flexmark-ext-yaml-front-matter/0.34.30/flexmark-ext-yaml-front-matter-0.34.30.jar:/Users/BhavaniPrasad.Bandla/.m2/repository/com/vladsch/flexmark/flexmark-ext-youtube-embedded/0.34.30/flexmark-ext-youtube-embedded-0.34.30.jar:/Users/BhavaniPrasad.Bandla/.m2/repository/com/vladsch/flexmark/flexmark-formatter/0.34.30/flexmark-formatter-0.34.30.jar:/Users/BhavaniPrasad.Bandla/.m2/repository/com/vladsch/flexmark/flexmark-html-parser/0.34.30/flexmark-html-parser-0.34.30.jar:/Users/BhavaniPrasad.Bandla/.m2/repository/com/vladsch/flexmark/flexmark-jira-converter/0.34.30/flexmark-jira-converter-0.34.30.jar:/Users/BhavaniPrasad.Bandla/.m2/repository/com/vladsch/flexmark/flexmark-pdf-converter/0.34.30/flexmark-pdf-converter-0.34.30.jar:/Users/BhavaniPrasad.Bandla/.m2/repository/com/openhtmltopdf/openhtmltopdf-core/0.0.1-RC13/openhtmltopdf-core-0.0.1-RC13.jar:/Users/BhavaniPrasad.Bandla/.m2/repository/com/openhtmltopdf/openhtmltopdf-pdfbox/0.0.1-RC13/openhtmltopdf-pdfbox-0.0.1-RC13.jar:/Users/BhavaniPrasad.Bandla/.m2/repository/org/apache/pdfbox/pdfbox/2.0.8/pdfbox-2.0.8.jar:/Users/BhavaniPrasad.Bandla/.m2/repository/org/apache/pdfbox/fontbox/2.0.8/fontbox-2.0.8.jar:/Users/BhavaniPrasad.Bandla/.m2/repository/org/apache/pdfbox/xmpbox/2.0.8/xmpbox-2.0.8.jar:/Users/BhavaniPrasad.Bandla/.m2/repository/de/rototor/pdfbox/graphics2d/0.12/graphics2d-0.12.jar:/Users/BhavaniPrasad.Bandla/.m2/repository/com/openhtmltopdf/openhtmltopdf-rtl-support/0.0.1-RC13/openhtmltopdf-rtl-support-0.0.1-RC13.jar:/Users/BhavaniPrasad.Bandla/.m2/repository/com/ibm/icu/icu4j/59.1/icu4j-59.1.jar:/Users/BhavaniPrasad.Bandla/.m2/repository/com/openhtmltopdf/openhtmltopdf-jsoup-dom-converter/0.0.1-RC13/openhtmltopdf-jsoup-dom-converter-0.0.1-RC13.jar:/Users/BhavaniPrasad.Bandla/.m2/repository/com/vladsch/flexmark/flexmark-profile-pegdown/0.34.30/flexmark-profile-pegdown-0.34.30.jar:/Users/BhavaniPrasad.Bandla/.m2/repository/com/vladsch/flexmark/flexmark-util/0.34.30/flexmark-util-0.34.30.jar:/Users/BhavaniPrasad.Bandla/.m2/repository/com/vladsch/flexmark/flexmark-youtrack-converter/0.34.30/flexmark-youtrack-converter-0.34.30.jar:/Users/BhavaniPrasad.Bandla/.m2/repository/es/nitaur/markdown/txtmark/0.16/txtmark-0.16.jar:/Users/BhavaniPrasad.Bandla/.m2/repository/net/serenity-bdd/serenity-report-resources/3.2.4/serenity-report-resources-3.2.4.jar:/Users/BhavaniPrasad.Bandla/.m2/repository/com/google/code/gson/gson/2.9.0/gson-2.9.0.jar:/Users/BhavaniPrasad.Bandla/.m2/repository/com/fasterxml/jackson/core/jackson-core/2.13.2/jackson-core-2.13.2.jar:/Users/BhavaniPrasad.Bandla/.m2/repository/com/fasterxml/jackson/core/jackson-databind/2.13.2/jackson-databind-2.13.2.jar:/Users/BhavaniPrasad.Bandla/.m2/repository/com/fasterxml/jackson/core/jackson-annotations/2.13.2/jackson-annotations-2.13.2.jar:/Users/BhavaniPrasad.Bandla/.m2/repository/commons-codec/commons-codec/1.15/commons-codec-1.15.jar:/Users/BhavaniPrasad.Bandla/.m2/repository/commons-io/commons-io/2.11.0/commons-io-2.11.0.jar:/Users/BhavaniPrasad.Bandla/.m2/repository/org/seleniumhq/selenium/selenium-java/4.1.3/selenium-java-4.1.3.jar:/Users/BhavaniPrasad.Bandla/.m2/repository/org/seleniumhq/selenium/selenium-devtools-v85/4.1.3/selenium-devtools-v85-4.1.3.jar:/Users/BhavaniPrasad.Bandla/.m2/repository/org/seleniumhq/selenium/selenium-devtools-v97/4.1.3/selenium-devtools-v97-4.1.3.jar:/Users/BhavaniPrasad.Bandla/.m2/repository/org/seleniumhq/selenium/selenium-devtools-v98/4.1.3/selenium-devtools-v98-4.1.3.jar:/Users/BhavaniPrasad.Bandla/.m2/repository/org/seleniumhq/selenium/selenium-devtools-v99/4.1.3/selenium-devtools-v99-4.1.3.jar:/Users/BhavaniPrasad.Bandla/.m2/repository/org/seleniumhq/selenium/selenium-opera-driver/4.1.3/selenium-opera-driver-4.1.3.jar:/Users/BhavaniPrasad.Bandla/.m2/repository/org/seleniumhq/selenium/selenium-remote-driver/4.1.3/selenium-remote-driver-4.1.3.jar:/Users/BhavaniPrasad.Bandla/.m2/repository/com/beust/jcommander/1.82/jcommander-1.82.jar:/Users/BhavaniPrasad.Bandla/.m2/repository/io/netty/netty-buffer/4.1.75.Final/netty-buffer-4.1.75.Final.jar:/Users/BhavaniPrasad.Bandla/.m2/repository/io/netty/netty-codec-http/4.1.75.Final/netty-codec-http-4.1.75.Final.jar:/Users/BhavaniPrasad.Bandla/.m2/repository/io/netty/netty-codec/4.1.75.Final/netty-codec-4.1.75.Final.jar:/Users/BhavaniPrasad.Bandla/.m2/repository/io/netty/netty-handler/4.1.75.Final/netty-handler-4.1.75.Final.jar:/Users/BhavaniPrasad.Bandla/.m2/repository/io/netty/netty-common/4.1.75.Final/netty-common-4.1.75.Final.jar:/Users/BhavaniPrasad.Bandla/.m2/repository/io/netty/netty-transport-classes-epoll/4.1.75.Final/netty-transport-classes-epoll-4.1.75.Final.jar:/Users/BhavaniPrasad.Bandla/.m2/repository/io/netty/netty-transport-classes-kqueue/4.1.75.Final/netty-transport-classes-kqueue-4.1.75.Final.jar:/Users/BhavaniPrasad.Bandla/.m2/repository/io/netty/netty-transport-native-epoll/4.1.75.Final/netty-transport-native-epoll-4.1.75.Final.jar:/Users/BhavaniPrasad.Bandla/.m2/repository/io/netty/netty-transport-native-kqueue/4.1.75.Final/netty-transport-native-kqueue-4.1.75.Final.jar:/Users/BhavaniPrasad.Bandla/.m2/repository/io/netty/netty-transport-native-unix-common/4.1.75.Final/netty-transport-native-unix-common-4.1.75.Final.jar:/Users/BhavaniPrasad.Bandla/.m2/repository/io/netty/netty-transport/4.1.75.Final/netty-transport-4.1.75.Final.jar:/Users/BhavaniPrasad.Bandla/.m2/repository/io/netty/netty-resolver/4.1.75.Final/netty-resolver-4.1.75.Final.jar:/Users/BhavaniPrasad.Bandla/.m2/repository/io/opentelemetry/opentelemetry-api/1.12.0/opentelemetry-api-1.12.0.jar:/Users/BhavaniPrasad.Bandla/.m2/repository/io/opentelemetry/opentelemetry-context/1.12.0/opentelemetry-context-1.12.0.jar:/Users/BhavaniPrasad.Bandla/.m2/repository/io/opentelemetry/opentelemetry-exporter-logging/1.12.0/opentelemetry-exporter-logging-1.12.0.jar:/Users/BhavaniPrasad.Bandla/.m2/repository/io/opentelemetry/opentelemetry-sdk-metrics/1.12.0-alpha/opentelemetry-sdk-metrics-1.12.0-alpha.jar:/Users/BhavaniPrasad.Bandla/.m2/repository/io/opentelemetry/opentelemetry-sdk-logs/1.12.0-alpha/opentelemetry-sdk-logs-1.12.0-alpha.jar:/Users/BhavaniPrasad.Bandla/.m2/repository/io/opentelemetry/opentelemetry-sdk-common/1.12.0/opentelemetry-sdk-common-1.12.0.jar:/Users/BhavaniPrasad.Bandla/.m2/repository/io/opentelemetry/opentelemetry-sdk-extension-autoconfigure-spi/1.12.0/opentelemetry-sdk-extension-autoconfigure-spi-1.12.0.jar:/Users/BhavaniPrasad.Bandla/.m2/repository/io/opentelemetry/opentelemetry-sdk-extension-autoconfigure/1.12.0-alpha/opentelemetry-sdk-extension-autoconfigure-1.12.0-alpha.jar:/Users/BhavaniPrasad.Bandla/.m2/repository/io/opentelemetry/opentelemetry-sdk-trace/1.12.0/opentelemetry-sdk-trace-1.12.0.jar:/Users/BhavaniPrasad.Bandla/.m2/repository/io/opentelemetry/opentelemetry-sdk/1.12.0/opentelemetry-sdk-1.12.0.jar:/Users/BhavaniPrasad.Bandla/.m2/repository/io/opentelemetry/opentelemetry-semconv/1.12.0-alpha/opentelemetry-semconv-1.12.0-alpha.jar:/Users/BhavaniPrasad.Bandla/.m2/repository/io/ous/jtoml/2.0.0/jtoml-2.0.0.jar:/Users/BhavaniPrasad.Bandla/.m2/repository/org/apache/commons/commons-exec/1.3/commons-exec-1.3.jar:/Users/BhavaniPrasad.Bandla/.m2/repository/org/asynchttpclient/async-http-client/2.12.3/async-http-client-2.12.3.jar:/Users/BhavaniPrasad.Bandla/.m2/repository/org/asynchttpclient/async-http-client-netty-utils/2.12.3/async-http-client-netty-utils-2.12.3.jar:/Users/BhavaniPrasad.Bandla/.m2/repository/io/netty/netty-codec-socks/4.1.60.Final/netty-codec-socks-4.1.60.Final.jar:/Users/BhavaniPrasad.Bandla/.m2/repository/io/netty/netty-handler-proxy/4.1.60.Final/netty-handler-proxy-4.1.60.Final.jar:/Users/BhavaniPrasad.Bandla/.m2/repository/io/netty/netty-transport-native-epoll/4.1.60.Final/netty-transport-native-epoll-4.1.60.Final-linux-x86_64.jar:/Users/BhavaniPrasad.Bandla/.m2/repository/io/netty/netty-transport-native-kqueue/4.1.60.Final/netty-transport-native-kqueue-4.1.60.Final-osx-x86_64.jar:/Users/BhavaniPrasad.Bandla/.m2/repository/org/reactivestreams/reactive-streams/1.0.3/reactive-streams-1.0.3.jar:/Users/BhavaniPrasad.Bandla/.m2/repository/com/typesafe/netty/netty-reactive-streams/2.0.4/netty-reactive-streams-2.0.4.jar:/Users/BhavaniPrasad.Bandla/.m2/repository/org/seleniumhq/selenium/selenium-http/4.1.3/selenium-http-4.1.3.jar:/Users/BhavaniPrasad.Bandla/.m2/repository/dev/failsafe/failsafe/3.2.3/failsafe-3.2.3.jar:/Users/BhavaniPrasad.Bandla/.m2/repository/org/seleniumhq/selenium/selenium-safari-driver/4.1.3/selenium-safari-driver-4.1.3.jar:/Users/BhavaniPrasad.Bandla/.m2/repository/org/seleniumhq/selenium/selenium-api/4.1.3/selenium-api-4.1.3.jar:/Users/BhavaniPrasad.Bandla/.m2/repository/org/seleniumhq/selenium/selenium-support/4.1.3/selenium-support-4.1.3.jar:/Users/BhavaniPrasad.Bandla/.m2/repository/com/google/auto/service/auto-service-annotations/1.0.1/auto-service-annotations-1.0.1.jar:/Users/BhavaniPrasad.Bandla/.m2/repository/com/google/auto/service/auto-service/1.0.1/auto-service-1.0.1.jar:/Users/BhavaniPrasad.Bandla/.m2/repository/com/google/auto/auto-common/1.2/auto-common-1.2.jar:/Users/BhavaniPrasad.Bandla/.m2/repository/org/seleniumhq/selenium/selenium-json/4.1.3/selenium-json-4.1.3.jar:/Users/BhavaniPrasad.Bandla/.m2/repository/org/seleniumhq/selenium/selenium-chrome-driver/4.1.3/selenium-chrome-driver-4.1.3.jar:/Users/BhavaniPrasad.Bandla/.m2/repository/org/seleniumhq/selenium/selenium-chromium-driver/4.1.3/selenium-chromium-driver-4.1.3.jar:/Users/BhavaniPrasad.Bandla/.m2/repository/org/seleniumhq/selenium/selenium-firefox-driver/4.1.3/selenium-firefox-driver-4.1.3.jar:/Users/BhavaniPrasad.Bandla/.m2/repository/org/seleniumhq/selenium/selenium-edge-driver/4.1.3/selenium-edge-driver-4.1.3.jar:/Users/BhavaniPrasad.Bandla/.m2/repository/org/seleniumhq/selenium/selenium-ie-driver/4.1.3/selenium-ie-driver-4.1.3.jar:/Users/BhavaniPrasad.Bandla/.m2/repository/org/projectlombok/lombok/1.18.20/lombok-1.18.20.jar:/Users/BhavaniPrasad.Bandla/.m2/repository/io/appium/java-client/8.0.0/java-client-8.0.0.jar:/Users/BhavaniPrasad.Bandla/.m2/repository/commons-validator/commons-validator/1.7/commons-validator-1.7.jar:/Users/BhavaniPrasad.Bandla/.m2/repository/commons-digester/commons-digester/2.1/commons-digester-2.1.jar:/Users/BhavaniPrasad.Bandla/.m2/repository/org/aspectj/aspectjweaver/1.9.8/aspectjweaver-1.9.8.jar:/Users/BhavaniPrasad.Bandla/.m2/repository/org/apache/groovy/groovy/4.0.1/groovy-4.0.1.jar:/Users/BhavaniPrasad.Bandla/.m2/repository/net/sf/opencsv/opencsv/2.0/opencsv-2.0.jar:/Users/BhavaniPrasad.Bandla/.m2/repository/commons-beanutils/commons-beanutils/1.9.4/commons-beanutils-1.9.4.jar:/Users/BhavaniPrasad.Bandla/.m2/repository/org/apache/commons/commons-lang3/3.12.0/commons-lang3-3.12.0.jar:/Users/BhavaniPrasad.Bandla/.m2/repository/commons-collections/commons-collections/3.2.2/commons-collections-3.2.2.jar:/Users/BhavaniPrasad.Bandla/.m2/repository/org/fluentlenium/fluentlenium-core/0.10.2/fluentlenium-core-0.10.2.jar:/Users/BhavaniPrasad.Bandla/.m2/repository/io/github/bonigarcia/webdrivermanager/5.1.0/webdrivermanager-5.1.0.jar:/Users/BhavaniPrasad.Bandla/.m2/repository/com/github/docker-java/docker-java/3.2.13/docker-java-3.2.13.jar:/Users/BhavaniPrasad.Bandla/.m2/repository/com/github/docker-java/docker-java-core/3.2.13/docker-java-core-3.2.13.jar:/Users/BhavaniPrasad.Bandla/.m2/repository/com/github/docker-java/docker-java-api/3.2.13/docker-java-api-3.2.13.jar:/Users/BhavaniPrasad.Bandla/.m2/repository/org/apache/commons/commons-compress/1.21/commons-compress-1.21.jar:/Users/BhavaniPrasad.Bandla/.m2/repository/org/bouncycastle/bcpkix-jdk15on/1.64/bcpkix-jdk15on-1.64.jar:/Users/BhavaniPrasad.Bandla/.m2/repository/org/bouncycastle/bcprov-jdk15on/1.64/bcprov-jdk15on-1.64.jar:/Users/BhavaniPrasad.Bandla/.m2/repository/org/slf4j/jcl-over-slf4j/1.7.30/jcl-over-slf4j-1.7.30.jar:/Users/BhavaniPrasad.Bandla/.m2/repository/com/github/docker-java/docker-java-transport-httpclient5/3.2.13/docker-java-transport-httpclient5-3.2.13.jar:/Users/BhavaniPrasad.Bandla/.m2/repository/com/github/docker-java/docker-java-transport/3.2.13/docker-java-transport-3.2.13.jar:/Users/BhavaniPrasad.Bandla/.m2/repository/org/apache/httpcomponents/client5/httpclient5/5.0.3/httpclient5-5.0.3.jar:/Users/BhavaniPrasad.Bandla/.m2/repository/org/apache/httpcomponents/core5/httpcore5/5.0.2/httpcore5-5.0.2.jar:/Users/BhavaniPrasad.Bandla/.m2/repository/net/java/dev/jna/jna/5.8.0/jna-5.8.0.jar:/Users/BhavaniPrasad.Bandla/.m2/repository/org/brotli/dec/0.1.2/dec-0.1.2.jar:/Users/BhavaniPrasad.Bandla/.m2/repository/com/jhlabs/filters/2.0.235/filters-2.0.235.jar:/Users/BhavaniPrasad.Bandla/.m2/repository/com/paulhammant/ngwebdriver/1.1.6/ngwebdriver-1.1.6.jar:/Users/BhavaniPrasad.Bandla/.m2/repository/joda-time/joda-time/2.8.2/joda-time-2.8.2.jar:/Users/BhavaniPrasad.Bandla/.m2/repository/org/hamcrest/hamcrest/2.2/hamcrest-2.2.jar:/Users/BhavaniPrasad.Bandla/.m2/repository/com/google/jimfs/jimfs/1.2/jimfs-1.2.jar:/Users/BhavaniPrasad.Bandla/.m2/repository/org/mockito/mockito-core/3.3.3/mockito-core-3.3.3.jar:/Users/BhavaniPrasad.Bandla/.m2/repository/javax/xml/bind/jaxb-api/2.3.1/jaxb-api-2.3.1.jar:/Users/BhavaniPrasad.Bandla/.m2/repository/javax/activation/javax.activation-api/1.2.0/javax.activation-api-1.2.0.jar:/Users/BhavaniPrasad.Bandla/.m2/repository/com/sun/xml/bind/jaxb-core/2.3.0.1/jaxb-core-2.3.0.1.jar:/Users/BhavaniPrasad.Bandla/.m2/repository/com/sun/xml/bind/jaxb-impl/2.3.3/jaxb-impl-2.3.3.jar:/Users/BhavaniPrasad.Bandla/.m2/repository/javax/activation/activation/1.1.1/activation-1.1.1.jar:/Users/BhavaniPrasad.Bandla/.m2/repository/net/serenity-bdd/serenity-single-page-report/3.2.4/serenity-single-page-report-3.2.4.jar:/Users/BhavaniPrasad.Bandla/.m2/repository/net/serenity-bdd/serenity-stats/3.2.4/serenity-stats-3.2.4.jar:/Users/BhavaniPrasad.Bandla/.m2/repository/net/serenity-bdd/serenity-reports-configuration/3.2.4/serenity-reports-configuration-3.2.4.jar:/Users/BhavaniPrasad.Bandla/.m2/repository/org/jetbrains/kotlin/kotlin-stdlib/1.6.0/kotlin-stdlib-1.6.0.jar:/Users/BhavaniPrasad.Bandla/.m2/repository/org/jetbrains/annotations/13.0/annotations-13.0.jar:/Users/BhavaniPrasad.Bandla/.m2/repository/org/jetbrains/kotlin/kotlin-stdlib-common/1.6.0/kotlin-stdlib-common-1.6.0.jar:/Users/BhavaniPrasad.Bandla/.m2/repository/org/thymeleaf/thymeleaf/3.1.0.M1/thymeleaf-3.1.0.M1.jar:/Users/BhavaniPrasad.Bandla/.m2/repository/ognl/ognl/3.2.21/ognl-3.2.21.jar:/Users/BhavaniPrasad.Bandla/.m2/repository/org/attoparser/attoparser/2.0.5.RELEASE/attoparser-2.0.5.RELEASE.jar:/Users/BhavaniPrasad.Bandla/.m2/repository/org/unbescape/unbescape/1.1.6.RELEASE/unbescape-1.1.6.RELEASE.jar:/Users/BhavaniPrasad.Bandla/.m2/repository/org/javassist/javassist/3.28.0-GA/javassist-3.28.0-GA.jar:/Users/BhavaniPrasad.Bandla/.m2/repository/org/knowm/xchart/xchart/3.5.2/xchart-3.5.2.jar:/Users/BhavaniPrasad.Bandla/.m2/repository/de/erichseifert/vectorgraphics2d/VectorGraphics2D/0.13/VectorGraphics2D-0.13.jar:/Users/BhavaniPrasad.Bandla/.m2/repository/org/thymeleaf/extras/thymeleaf-extras-java8time/3.0.4.RELEASE/thymeleaf-extras-java8time-3.0.4.RELEASE.jar:/Users/BhavaniPrasad.Bandla/.m2/repository/net/serenity-bdd/serenity-cucumber/3.2.4/serenity-cucumber-3.2.4.jar:/Users/BhavaniPrasad.Bandla/.m2/repository/net/serenity-bdd/serenity-screenplay/3.2.4/serenity-screenplay-3.2.4.jar:/Users/BhavaniPrasad.Bandla/.m2/repository/net/serenity-bdd/serenity-screenplay-webdriver/3.2.4/serenity-screenplay-webdriver-3.2.4.jar:/Users/BhavaniPrasad.Bandla/.m2/repository/io/cucumber/cucumber-core/7.2.3/cucumber-core-7.2.3.jar:/Users/BhavaniPrasad.Bandla/.m2/repository/io/cucumber/cucumber-gherkin/7.2.3/cucumber-gherkin-7.2.3.jar:/Users/BhavaniPrasad.Bandla/.m2/repository/io/cucumber/cucumber-gherkin-messages/7.2.3/cucumber-gherkin-messages-7.2.3.jar:/Users/BhavaniPrasad.Bandla/.m2/repository/io/cucumber/messages/17.1.1/messages-17.1.1.jar:/Users/BhavaniPrasad.Bandla/.m2/repository/io/cucumber/tag-expressions/4.1.0/tag-expressions-4.1.0.jar:/Users/BhavaniPrasad.Bandla/.m2/repository/io/cucumber/cucumber-expressions/15.0.1/cucumber-expressions-15.0.1.jar:/Users/BhavaniPrasad.Bandla/.m2/repository/io/cucumber/datatable/7.2.3/datatable-7.2.3.jar:/Users/BhavaniPrasad.Bandla/.m2/repository/io/cucumber/cucumber-plugin/7.2.3/cucumber-plugin-7.2.3.jar:/Users/BhavaniPrasad.Bandla/.m2/repository/io/cucumber/docstring/7.2.3/docstring-7.2.3.jar:/Users/BhavaniPrasad.Bandla/.m2/repository/io/cucumber/html-formatter/17.0.0/html-formatter-17.0.0.jar:/Users/BhavaniPrasad.Bandla/.m2/repository/io/cucumber/ci-environment/8.1.0/ci-environment-8.1.0.jar:/Users/BhavaniPrasad.Bandla/.m2/repository/io/cucumber/cucumber-junit/7.2.3/cucumber-junit-7.2.3.jar:/Users/BhavaniPrasad.Bandla/.m2/repository/org/apache/commons/commons-csv/1.5/commons-csv-1.5.jar:/Users/BhavaniPrasad.Bandla/.m2/repository/net/serenity-bdd/serenity-ensure/3.2.4/serenity-ensure-3.2.4.jar:/Users/BhavaniPrasad.Bandla/.m2/repository/net/serenity-bdd/serenity-junit/3.2.4/serenity-junit-3.2.4.jar:/Users/BhavaniPrasad.Bandla/.m2/repository/net/serenity-bdd/serenity-rest-assured/3.2.4/serenity-rest-assured-3.2.4.jar:/Users/BhavaniPrasad.Bandla/.m2/repository/org/apache/httpcomponents/httpclient/4.5.13/httpclient-4.5.13.jar:/Users/BhavaniPrasad.Bandla/.m2/repository/org/apache/httpcomponents/httpcore/4.4.13/httpcore-4.4.13.jar:/Users/BhavaniPrasad.Bandla/.m2/repository/commons-logging/commons-logging/1.2/commons-logging-1.2.jar:/Users/BhavaniPrasad.Bandla/.m2/repository/org/apache/groovy/groovy-json/4.0.1/groovy-json-4.0.1.jar:/Users/BhavaniPrasad.Bandla/.m2/repository/org/apache/groovy/groovy-xml/4.0.1/groovy-xml-4.0.1.jar:/Users/BhavaniPrasad.Bandla/.m2/repository/org/opentest4j/opentest4j/1.2.0/opentest4j-1.2.0.jar:/Users/BhavaniPrasad.Bandla/.m2/repository/org/junit/platform/junit-platform-launcher/1.8.2/junit-platform-launcher-1.8.2.jar:/Users/BhavaniPrasad.Bandla/.m2/repository/org/junit/platform/junit-platform-engine/1.8.2/junit-platform-engine-1.8.2.jar:/Users/BhavaniPrasad.Bandla/.m2/repository/org/junit/platform/junit-platform-commons/1.8.2/junit-platform-commons-1.8.2.jar:/Users/BhavaniPrasad.Bandla/.m2/repository/org/apiguardian/apiguardian-api/1.1.2/apiguardian-api-1.1.2.jar:/Users/BhavaniPrasad.Bandla/.m2/repository/org/junit/jupiter/junit-jupiter-engine/5.8.2/junit-jupiter-engine-5.8.2.jar:/Users/BhavaniPrasad.Bandla/.m2/repository/org/junit/jupiter/junit-jupiter-api/5.8.2/junit-jupiter-api-5.8.2.jar:/Users/BhavaniPrasad.Bandla/.m2/repository/org/junit/vintage/junit-vintage-engine/5.8.2/junit-vintage-engine-5.8.2.jar:/Users/BhavaniPrasad.Bandla/.m2/repository/ch/qos/logback/logback-classic/1.2.11/logback-classic-1.2.11.jar:/Users/BhavaniPrasad.Bandla/.m2/repository/ch/qos/logback/logback-core/1.2.11/logback-core-1.2.11.jar:/Users/BhavaniPrasad.Bandla/.m2/repository/org/slf4j/slf4j-api/1.7.32/slf4j-api-1.7.32.jar:/Users/BhavaniPrasad.Bandla/.m2/repository/org/assertj/assertj-core/3.22.0/assertj-core-3.22.0.jar:/Users/BhavaniPrasad.Bandla/.m2/repository/com/googlecode/json-simple/json-simple/1.1.1/json-simple-1.1.1.jar:/Users/BhavaniPrasad.Bandla/.m2/repository/jakarta/xml/bind/jakarta.xml.bind-api/3.0.1/jakarta.xml.bind-api-3.0.1.jar:/Users/BhavaniPrasad.Bandla/.m2/repository/com/sun/activation/jakarta.activation/2.0.1/jakarta.activation-2.0.1.jar:/Users/BhavaniPrasad.Bandla/.m2/repository/io/rest-assured/rest-assured/5.0.1/rest-assured-5.0.1.jar:/Users/BhavaniPrasad.Bandla/.m2/repository/org/apache/httpcomponents/httpmime/4.5.13/httpmime-4.5.13.jar:/Users/BhavaniPrasad.Bandla/.m2/repository/org/ccil/cowan/tagsoup/tagsoup/1.2.1/tagsoup-1.2.1.jar:/Users/BhavaniPrasad.Bandla/.m2/repository/io/rest-assured/json-path/5.0.1/json-path-5.0.1.jar:/Users/BhavaniPrasad.Bandla/.m2/repository/io/rest-assured/rest-assured-common/5.0.1/rest-assured-common-5.0.1.jar:/Users/BhavaniPrasad.Bandla/.m2/repository/io/rest-assured/xml-path/5.0.1/xml-path-5.0.1.jar:/Users/BhavaniPrasad.Bandla/.m2/repository/org/json/json/20220320/json-20220320.jar:/Users/BhavaniPrasad.Bandla/.m2/repository/junit/junit/4.13.2/junit-4.13.2.jar:/Users/BhavaniPrasad.Bandla/.m2/repository/org/hamcrest/hamcrest-core/1.3/hamcrest-core-1.3.jar:"/>
    <property name="java.vm.vendor" value="BellSoft"/>
    <property name="sun.arch.data.model" value="64"/>
    <property name="java.vendor.url" value="https://bell-sw.com/"/>
    <property name="user.timezone" value="Europe/London"/>
    <property name="java.vm.specification.version" value="1.8"/>
    <property name="os.name" value="Mac OS X"/>
    <property name="user.country" value="GB"/>
    <property name="sun.java.launcher" value="SUN_STANDARD"/>
    <property name="sun.boot.library.path" value="/Users/BhavaniPrasad.Bandla/Library/Java/JavaVirtualMachines/liberica-1.8.0_322/jre/lib"/>
    <property name="sun.java.command" value="/Users/BhavaniPrasad.Bandla/IdeaProjects/local_projects/poc/serenity-bdd-sample-main/target/surefire/surefirebooter4584255884076330836.jar /Users/BhavaniPrasad.Bandla/IdeaProjects/local_projects/poc/serenity-bdd-sample-main/target/surefire 2022-04-25T22-46-14_542-jvmRun1 surefire7754276252366780726tmp surefire_02828083393880130522tmp"/>
    <property name="http.nonProxyHosts" value="local|*.local|169.254/16|*.169.254/16"/>
    <property name="surefire.test.class.path" value="/Users/BhavaniPrasad.Bandla/IdeaProjects/local_projects/poc/serenity-bdd-sample-main/target/test-classes:/Users/BhavaniPrasad.Bandla/IdeaProjects/local_projects/poc/serenity-bdd-sample-main/target/serenity.bdd.sample-1.0.0-SNAPSHOT.jar:/Users/BhavaniPrasad.Bandla/.m2/repository/net/serenity-bdd/serenity-core/3.2.4/serenity-core-3.2.4.jar:/Users/BhavaniPrasad.Bandla/.m2/repository/net/serenity-bdd/serenity-model/3.2.4/serenity-model-3.2.4.jar:/Users/BhavaniPrasad.Bandla/.m2/repository/org/apache/commons/commons-text/1.9/commons-text-1.9.jar:/Users/BhavaniPrasad.Bandla/.m2/repository/commons-net/commons-net/3.8.0/commons-net-3.8.0.jar:/Users/BhavaniPrasad.Bandla/.m2/repository/com/google/guava/guava/31.1-jre/guava-31.1-jre.jar:/Users/BhavaniPrasad.Bandla/.m2/repository/com/google/guava/failureaccess/1.0.1/failureaccess-1.0.1.jar:/Users/BhavaniPrasad.Bandla/.m2/repository/com/google/guava/listenablefuture/9999.0-empty-to-avoid-conflict-with-guava/listenablefuture-9999.0-empty-to-avoid-conflict-with-guava.jar:/Users/BhavaniPrasad.Bandla/.m2/repository/com/google/code/findbugs/jsr305/3.0.2/jsr305-3.0.2.jar:/Users/BhavaniPrasad.Bandla/.m2/repository/org/checkerframework/checker-qual/3.12.0/checker-qual-3.12.0.jar:/Users/BhavaniPrasad.Bandla/.m2/repository/com/google/errorprone/error_prone_annotations/2.11.0/error_prone_annotations-2.11.0.jar:/Users/BhavaniPrasad.Bandla/.m2/repository/com/google/j2objc/j2objc-annotations/1.3/j2objc-annotations-1.3.jar:/Users/BhavaniPrasad.Bandla/.m2/repository/com/google/inject/guice/5.1.0/guice-5.1.0.jar:/Users/BhavaniPrasad.Bandla/.m2/repository/javax/inject/javax.inject/1/javax.inject-1.jar:/Users/BhavaniPrasad.Bandla/.m2/repository/aopalliance/aopalliance/1.0/aopalliance-1.0.jar:/Users/BhavaniPrasad.Bandla/.m2/repository/org/jsoup/jsoup/1.14.3/jsoup-1.14.3.jar:/Users/BhavaniPrasad.Bandla/.m2/repository/com/thoughtworks/xstream/xstream/1.4.19/xstream-1.4.19.jar:/Users/BhavaniPrasad.Bandla/.m2/repository/io/github/x-stream/mxparser/1.2.2/mxparser-1.2.2.jar:/Users/BhavaniPrasad.Bandla/.m2/repository/xmlpull/xmlpull/1.1.3.1/xmlpull-1.1.3.1.jar:/Users/BhavaniPrasad.Bandla/.m2/repository/io/cucumber/cucumber-java/7.2.3/cucumber-java-7.2.3.jar:/Users/BhavaniPrasad.Bandla/.m2/repository/com/typesafe/config/1.4.2/config-1.4.2.jar:/Users/BhavaniPrasad.Bandla/.m2/repository/org/imgscalr/imgscalr-lib/4.2/imgscalr-lib-4.2.jar:/Users/BhavaniPrasad.Bandla/.m2/repository/org/awaitility/awaitility/4.2.0/awaitility-4.2.0.jar:/Users/BhavaniPrasad.Bandla/.m2/repository/org/freemarker/freemarker/2.3.31/freemarker-2.3.31.jar:/Users/BhavaniPrasad.Bandla/.m2/repository/io/github/classgraph/classgraph/4.8.138/classgraph-4.8.138.jar:/Users/BhavaniPrasad.Bandla/.m2/repository/net/sourceforge/jexcelapi/jxl/2.6.12/jxl-2.6.12.jar:/Users/BhavaniPrasad.Bandla/.m2/repository/net/bytebuddy/byte-buddy/1.12.8/byte-buddy-1.12.8.jar:/Users/BhavaniPrasad.Bandla/.m2/repository/net/bytebuddy/byte-buddy-agent/1.12.8/byte-buddy-agent-1.12.8.jar:/Users/BhavaniPrasad.Bandla/.m2/repository/org/objenesis/objenesis/3.1/objenesis-3.1.jar:/Users/BhavaniPrasad.Bandla/.m2/repository/net/serenity-bdd/serenity-reports/3.2.4/serenity-reports-3.2.4.jar:/Users/BhavaniPrasad.Bandla/.m2/repository/com/vladsch/flexmark/flexmark-all/0.34.30/flexmark-all-0.34.30.jar:/Users/BhavaniPrasad.Bandla/.m2/repository/com/vladsch/flexmark/flexmark/0.34.30/flexmark-0.34.30.jar:/Users/BhavaniPrasad.Bandla/.m2/repository/com/vladsch/flexmark/flexmark-ext-abbreviation/0.34.30/flexmark-ext-abbreviation-0.34.30.jar:/Users/BhavaniPrasad.Bandla/.m2/repository/com/vladsch/flexmark/flexmark-ext-admonition/0.34.30/flexmark-ext-admonition-0.34.30.jar:/Users/BhavaniPrasad.Bandla/.m2/repository/com/vladsch/flexmark/flexmark-ext-anchorlink/0.34.30/flexmark-ext-anchorlink-0.34.30.jar:/Users/BhavaniPrasad.Bandla/.m2/repository/com/vladsch/flexmark/flexmark-ext-aside/0.34.30/flexmark-ext-aside-0.34.30.jar:/Users/BhavaniPrasad.Bandla/.m2/repository/com/vladsch/flexmark/flexmark-ext-attributes/0.34.30/flexmark-ext-attributes-0.34.30.jar:/Users/BhavaniPrasad.Bandla/.m2/repository/com/vladsch/flexmark/flexmark-ext-autolink/0.34.30/flexmark-ext-autolink-0.34.30.jar:/Users/BhavaniPrasad.Bandla/.m2/repository/org/nibor/autolink/autolink/0.6.0/autolink-0.6.0.jar:/Users/BhavaniPrasad.Bandla/.m2/repository/com/vladsch/flexmark/flexmark-ext-definition/0.34.30/flexmark-ext-definition-0.34.30.jar:/Users/BhavaniPrasad.Bandla/.m2/repository/com/vladsch/flexmark/flexmark-ext-emoji/0.34.30/flexmark-ext-emoji-0.34.30.jar:/Users/BhavaniPrasad.Bandla/.m2/repository/com/vladsch/flexmark/flexmark-ext-enumerated-reference/0.34.30/flexmark-ext-enumerated-reference-0.34.30.jar:/Users/BhavaniPrasad.Bandla/.m2/repository/com/vladsch/flexmark/flexmark-ext-escaped-character/0.34.30/flexmark-ext-escaped-character-0.34.30.jar:/Users/BhavaniPrasad.Bandla/.m2/repository/com/vladsch/flexmark/flexmark-ext-footnotes/0.34.30/flexmark-ext-footnotes-0.34.30.jar:/Users/BhavaniPrasad.Bandla/.m2/repository/com/vladsch/flexmark/flexmark-ext-gfm-issues/0.34.30/flexmark-ext-gfm-issues-0.34.30.jar:/Users/BhavaniPrasad.Bandla/.m2/repository/com/vladsch/flexmark/flexmark-ext-gfm-strikethrough/0.34.30/flexmark-ext-gfm-strikethrough-0.34.30.jar:/Users/BhavaniPrasad.Bandla/.m2/repository/com/vladsch/flexmark/flexmark-ext-gfm-tables/0.34.30/flexmark-ext-gfm-tables-0.34.30.jar:/Users/BhavaniPrasad.Bandla/.m2/repository/com/vladsch/flexmark/flexmark-ext-gfm-tasklist/0.34.30/flexmark-ext-gfm-tasklist-0.34.30.jar:/Users/BhavaniPrasad.Bandla/.m2/repository/com/vladsch/flexmark/flexmark-ext-gfm-users/0.34.30/flexmark-ext-gfm-users-0.34.30.jar:/Users/BhavaniPrasad.Bandla/.m2/repository/com/vladsch/flexmark/flexmark-ext-gitlab/0.34.30/flexmark-ext-gitlab-0.34.30.jar:/Users/BhavaniPrasad.Bandla/.m2/repository/com/vladsch/flexmark/flexmark-ext-jekyll-front-matter/0.34.30/flexmark-ext-jekyll-front-matter-0.34.30.jar:/Users/BhavaniPrasad.Bandla/.m2/repository/com/vladsch/flexmark/flexmark-ext-jekyll-tag/0.34.30/flexmark-ext-jekyll-tag-0.34.30.jar:/Users/BhavaniPrasad.Bandla/.m2/repository/com/vladsch/flexmark/flexmark-ext-media-tags/0.34.30/flexmark-ext-media-tags-0.34.30.jar:/Users/BhavaniPrasad.Bandla/.m2/repository/com/vladsch/flexmark/flexmark-test-util/0.34.30/flexmark-test-util-0.34.30.jar:/Users/BhavaniPrasad.Bandla/.m2/repository/com/vladsch/flexmark/flexmark-ext-ins/0.34.30/flexmark-ext-ins-0.34.30.jar:/Users/BhavaniPrasad.Bandla/.m2/repository/com/vladsch/flexmark/flexmark-ext-xwiki-macros/0.34.30/flexmark-ext-xwiki-macros-0.34.30.jar:/Users/BhavaniPrasad.Bandla/.m2/repository/com/vladsch/flexmark/flexmark-ext-superscript/0.34.30/flexmark-ext-superscript-0.34.30.jar:/Users/BhavaniPrasad.Bandla/.m2/repository/com/vladsch/flexmark/flexmark-ext-tables/0.34.30/flexmark-ext-tables-0.34.30.jar:/Users/BhavaniPrasad.Bandla/.m2/repository/com/vladsch/flexmark/flexmark-ext-toc/0.34.30/flexmark-ext-toc-0.34.30.jar:/Users/BhavaniPrasad.Bandla/.m2/repository/com/vladsch/flexmark/flexmark-ext-typographic/0.34.30/flexmark-ext-typographic-0.34.30.jar:/Users/BhavaniPrasad.Bandla/.m2/repository/com/vladsch/flexmark/flexmark-ext-wikilink/0.34.30/flexmark-ext-wikilink-0.34.30.jar:/Users/BhavaniPrasad.Bandla/.m2/repository/com/vladsch/flexmark/flexmark-ext-yaml-front-matter/0.34.30/flexmark-ext-yaml-front-matter-0.34.30.jar:/Users/BhavaniPrasad.Bandla/.m2/repository/com/vladsch/flexmark/flexmark-ext-youtube-embedded/0.34.30/flexmark-ext-youtube-embedded-0.34.30.jar:/Users/BhavaniPrasad.Bandla/.m2/repository/com/vladsch/flexmark/flexmark-formatter/0.34.30/flexmark-formatter-0.34.30.jar:/Users/BhavaniPrasad.Bandla/.m2/repository/com/vladsch/flexmark/flexmark-html-parser/0.34.30/flexmark-html-parser-0.34.30.jar:/Users/BhavaniPrasad.Bandla/.m2/repository/com/vladsch/flexmark/flexmark-jira-converter/0.34.30/flexmark-jira-converter-0.34.30.jar:/Users/BhavaniPrasad.Bandla/.m2/repository/com/vladsch/flexmark/flexmark-pdf-converter/0.34.30/flexmark-pdf-converter-0.34.30.jar:/Users/BhavaniPrasad.Bandla/.m2/repository/com/openhtmltopdf/openhtmltopdf-core/0.0.1-RC13/openhtmltopdf-core-0.0.1-RC13.jar:/Users/BhavaniPrasad.Bandla/.m2/repository/com/openhtmltopdf/openhtmltopdf-pdfbox/0.0.1-RC13/openhtmltopdf-pdfbox-0.0.1-RC13.jar:/Users/BhavaniPrasad.Bandla/.m2/repository/org/apache/pdfbox/pdfbox/2.0.8/pdfbox-2.0.8.jar:/Users/BhavaniPrasad.Bandla/.m2/repository/org/apache/pdfbox/fontbox/2.0.8/fontbox-2.0.8.jar:/Users/BhavaniPrasad.Bandla/.m2/repository/org/apache/pdfbox/xmpbox/2.0.8/xmpbox-2.0.8.jar:/Users/BhavaniPrasad.Bandla/.m2/repository/de/rototor/pdfbox/graphics2d/0.12/graphics2d-0.12.jar:/Users/BhavaniPrasad.Bandla/.m2/repository/com/openhtmltopdf/openhtmltopdf-rtl-support/0.0.1-RC13/openhtmltopdf-rtl-support-0.0.1-RC13.jar:/Users/BhavaniPrasad.Bandla/.m2/repository/com/ibm/icu/icu4j/59.1/icu4j-59.1.jar:/Users/BhavaniPrasad.Bandla/.m2/repository/com/openhtmltopdf/openhtmltopdf-jsoup-dom-converter/0.0.1-RC13/openhtmltopdf-jsoup-dom-converter-0.0.1-RC13.jar:/Users/BhavaniPrasad.Bandla/.m2/repository/com/vladsch/flexmark/flexmark-profile-pegdown/0.34.30/flexmark-profile-pegdown-0.34.30.jar:/Users/BhavaniPrasad.Bandla/.m2/repository/com/vladsch/flexmark/flexmark-util/0.34.30/flexmark-util-0.34.30.jar:/Users/BhavaniPrasad.Bandla/.m2/repository/com/vladsch/flexmark/flexmark-youtrack-converter/0.34.30/flexmark-youtrack-converter-0.34.30.jar:/Users/BhavaniPrasad.Bandla/.m2/repository/es/nitaur/markdown/txtmark/0.16/txtmark-0.16.jar:/Users/BhavaniPrasad.Bandla/.m2/repository/net/serenity-bdd/serenity-report-resources/3.2.4/serenity-report-resources-3.2.4.jar:/Users/BhavaniPrasad.Bandla/.m2/repository/com/google/code/gson/gson/2.9.0/gson-2.9.0.jar:/Users/BhavaniPrasad.Bandla/.m2/repository/com/fasterxml/jackson/core/jackson-core/2.13.2/jackson-core-2.13.2.jar:/Users/BhavaniPrasad.Bandla/.m2/repository/com/fasterxml/jackson/core/jackson-databind/2.13.2/jackson-databind-2.13.2.jar:/Users/BhavaniPrasad.Bandla/.m2/repository/com/fasterxml/jackson/core/jackson-annotations/2.13.2/jackson-annotations-2.13.2.jar:/Users/BhavaniPrasad.Bandla/.m2/repository/commons-codec/commons-codec/1.15/commons-codec-1.15.jar:/Users/BhavaniPrasad.Bandla/.m2/repository/commons-io/commons-io/2.11.0/commons-io-2.11.0.jar:/Users/BhavaniPrasad.Bandla/.m2/repository/org/seleniumhq/selenium/selenium-java/4.1.3/selenium-java-4.1.3.jar:/Users/BhavaniPrasad.Bandla/.m2/repository/org/seleniumhq/selenium/selenium-devtools-v85/4.1.3/selenium-devtools-v85-4.1.3.jar:/Users/BhavaniPrasad.Bandla/.m2/repository/org/seleniumhq/selenium/selenium-devtools-v97/4.1.3/selenium-devtools-v97-4.1.3.jar:/Users/BhavaniPrasad.Bandla/.m2/repository/org/seleniumhq/selenium/selenium-devtools-v98/4.1.3/selenium-devtools-v98-4.1.3.jar:/Users/BhavaniPrasad.Bandla/.m2/repository/org/seleniumhq/selenium/selenium-devtools-v99/4.1.3/selenium-devtools-v99-4.1.3.jar:/Users/BhavaniPrasad.Bandla/.m2/repository/org/seleniumhq/selenium/selenium-opera-driver/4.1.3/selenium-opera-driver-4.1.3.jar:/Users/BhavaniPrasad.Bandla/.m2/repository/org/seleniumhq/selenium/selenium-remote-driver/4.1.3/selenium-remote-driver-4.1.3.jar:/Users/BhavaniPrasad.Bandla/.m2/repository/com/beust/jcommander/1.82/jcommander-1.82.jar:/Users/BhavaniPrasad.Bandla/.m2/repository/io/netty/netty-buffer/4.1.75.Final/netty-buffer-4.1.75.Final.jar:/Users/BhavaniPrasad.Bandla/.m2/repository/io/netty/netty-codec-http/4.1.75.Final/netty-codec-http-4.1.75.Final.jar:/Users/BhavaniPrasad.Bandla/.m2/repository/io/netty/netty-codec/4.1.75.Final/netty-codec-4.1.75.Final.jar:/Users/BhavaniPrasad.Bandla/.m2/repository/io/netty/netty-handler/4.1.75.Final/netty-handler-4.1.75.Final.jar:/Users/BhavaniPrasad.Bandla/.m2/repository/io/netty/netty-common/4.1.75.Final/netty-common-4.1.75.Final.jar:/Users/BhavaniPrasad.Bandla/.m2/repository/io/netty/netty-transport-classes-epoll/4.1.75.Final/netty-transport-classes-epoll-4.1.75.Final.jar:/Users/BhavaniPrasad.Bandla/.m2/repository/io/netty/netty-transport-classes-kqueue/4.1.75.Final/netty-transport-classes-kqueue-4.1.75.Final.jar:/Users/BhavaniPrasad.Bandla/.m2/repository/io/netty/netty-transport-native-epoll/4.1.75.Final/netty-transport-native-epoll-4.1.75.Final.jar:/Users/BhavaniPrasad.Bandla/.m2/repository/io/netty/netty-transport-native-kqueue/4.1.75.Final/netty-transport-native-kqueue-4.1.75.Final.jar:/Users/BhavaniPrasad.Bandla/.m2/repository/io/netty/netty-transport-native-unix-common/4.1.75.Final/netty-transport-native-unix-common-4.1.75.Final.jar:/Users/BhavaniPrasad.Bandla/.m2/repository/io/netty/netty-transport/4.1.75.Final/netty-transport-4.1.75.Final.jar:/Users/BhavaniPrasad.Bandla/.m2/repository/io/netty/netty-resolver/4.1.75.Final/netty-resolver-4.1.75.Final.jar:/Users/BhavaniPrasad.Bandla/.m2/repository/io/opentelemetry/opentelemetry-api/1.12.0/opentelemetry-api-1.12.0.jar:/Users/BhavaniPrasad.Bandla/.m2/repository/io/opentelemetry/opentelemetry-context/1.12.0/opentelemetry-context-1.12.0.jar:/Users/BhavaniPrasad.Bandla/.m2/repository/io/opentelemetry/opentelemetry-exporter-logging/1.12.0/opentelemetry-exporter-logging-1.12.0.jar:/Users/BhavaniPrasad.Bandla/.m2/repository/io/opentelemetry/opentelemetry-sdk-metrics/1.12.0-alpha/opentelemetry-sdk-metrics-1.12.0-alpha.jar:/Users/BhavaniPrasad.Bandla/.m2/repository/io/opentelemetry/opentelemetry-sdk-logs/1.12.0-alpha/opentelemetry-sdk-logs-1.12.0-alpha.jar:/Users/BhavaniPrasad.Bandla/.m2/repository/io/opentelemetry/opentelemetry-sdk-common/1.12.0/opentelemetry-sdk-common-1.12.0.jar:/Users/BhavaniPrasad.Bandla/.m2/repository/io/opentelemetry/opentelemetry-sdk-extension-autoconfigure-spi/1.12.0/opentelemetry-sdk-extension-autoconfigure-spi-1.12.0.jar:/Users/BhavaniPrasad.Bandla/.m2/repository/io/opentelemetry/opentelemetry-sdk-extension-autoconfigure/1.12.0-alpha/opentelemetry-sdk-extension-autoconfigure-1.12.0-alpha.jar:/Users/BhavaniPrasad.Bandla/.m2/repository/io/opentelemetry/opentelemetry-sdk-trace/1.12.0/opentelemetry-sdk-trace-1.12.0.jar:/Users/BhavaniPrasad.Bandla/.m2/repository/io/opentelemetry/opentelemetry-sdk/1.12.0/opentelemetry-sdk-1.12.0.jar:/Users/BhavaniPrasad.Bandla/.m2/repository/io/opentelemetry/opentelemetry-semconv/1.12.0-alpha/opentelemetry-semconv-1.12.0-alpha.jar:/Users/BhavaniPrasad.Bandla/.m2/repository/io/ous/jtoml/2.0.0/jtoml-2.0.0.jar:/Users/BhavaniPrasad.Bandla/.m2/repository/org/apache/commons/commons-exec/1.3/commons-exec-1.3.jar:/Users/BhavaniPrasad.Bandla/.m2/repository/org/asynchttpclient/async-http-client/2.12.3/async-http-client-2.12.3.jar:/Users/BhavaniPrasad.Bandla/.m2/repository/org/asynchttpclient/async-http-client-netty-utils/2.12.3/async-http-client-netty-utils-2.12.3.jar:/Users/BhavaniPrasad.Bandla/.m2/repository/io/netty/netty-codec-socks/4.1.60.Final/netty-codec-socks-4.1.60.Final.jar:/Users/BhavaniPrasad.Bandla/.m2/repository/io/netty/netty-handler-proxy/4.1.60.Final/netty-handler-proxy-4.1.60.Final.jar:/Users/BhavaniPrasad.Bandla/.m2/repository/io/netty/netty-transport-native-epoll/4.1.60.Final/netty-transport-native-epoll-4.1.60.Final-linux-x86_64.jar:/Users/BhavaniPrasad.Bandla/.m2/repository/io/netty/netty-transport-native-kqueue/4.1.60.Final/netty-transport-native-kqueue-4.1.60.Final-osx-x86_64.jar:/Users/BhavaniPrasad.Bandla/.m2/repository/org/reactivestreams/reactive-streams/1.0.3/reactive-streams-1.0.3.jar:/Users/BhavaniPrasad.Bandla/.m2/repository/com/typesafe/netty/netty-reactive-streams/2.0.4/netty-reactive-streams-2.0.4.jar:/Users/BhavaniPrasad.Bandla/.m2/repository/org/seleniumhq/selenium/selenium-http/4.1.3/selenium-http-4.1.3.jar:/Users/BhavaniPrasad.Bandla/.m2/repository/dev/failsafe/failsafe/3.2.3/failsafe-3.2.3.jar:/Users/BhavaniPrasad.Bandla/.m2/repository/org/seleniumhq/selenium/selenium-safari-driver/4.1.3/selenium-safari-driver-4.1.3.jar:/Users/BhavaniPrasad.Bandla/.m2/repository/org/seleniumhq/selenium/selenium-api/4.1.3/selenium-api-4.1.3.jar:/Users/BhavaniPrasad.Bandla/.m2/repository/org/seleniumhq/selenium/selenium-support/4.1.3/selenium-support-4.1.3.jar:/Users/BhavaniPrasad.Bandla/.m2/repository/com/google/auto/service/auto-service-annotations/1.0.1/auto-service-annotations-1.0.1.jar:/Users/BhavaniPrasad.Bandla/.m2/repository/com/google/auto/service/auto-service/1.0.1/auto-service-1.0.1.jar:/Users/BhavaniPrasad.Bandla/.m2/repository/com/google/auto/auto-common/1.2/auto-common-1.2.jar:/Users/BhavaniPrasad.Bandla/.m2/repository/org/seleniumhq/selenium/selenium-json/4.1.3/selenium-json-4.1.3.jar:/Users/BhavaniPrasad.Bandla/.m2/repository/org/seleniumhq/selenium/selenium-chrome-driver/4.1.3/selenium-chrome-driver-4.1.3.jar:/Users/BhavaniPrasad.Bandla/.m2/repository/org/seleniumhq/selenium/selenium-chromium-driver/4.1.3/selenium-chromium-driver-4.1.3.jar:/Users/BhavaniPrasad.Bandla/.m2/repository/org/seleniumhq/selenium/selenium-firefox-driver/4.1.3/selenium-firefox-driver-4.1.3.jar:/Users/BhavaniPrasad.Bandla/.m2/repository/org/seleniumhq/selenium/selenium-edge-driver/4.1.3/selenium-edge-driver-4.1.3.jar:/Users/BhavaniPrasad.Bandla/.m2/repository/org/seleniumhq/selenium/selenium-ie-driver/4.1.3/selenium-ie-driver-4.1.3.jar:/Users/BhavaniPrasad.Bandla/.m2/repository/org/projectlombok/lombok/1.18.20/lombok-1.18.20.jar:/Users/BhavaniPrasad.Bandla/.m2/repository/io/appium/java-client/8.0.0/java-client-8.0.0.jar:/Users/BhavaniPrasad.Bandla/.m2/repository/commons-validator/commons-validator/1.7/commons-validator-1.7.jar:/Users/BhavaniPrasad.Bandla/.m2/repository/commons-digester/commons-digester/2.1/commons-digester-2.1.jar:/Users/BhavaniPrasad.Bandla/.m2/repository/org/aspectj/aspectjweaver/1.9.8/aspectjweaver-1.9.8.jar:/Users/BhavaniPrasad.Bandla/.m2/repository/org/apache/groovy/groovy/4.0.1/groovy-4.0.1.jar:/Users/BhavaniPrasad.Bandla/.m2/repository/net/sf/opencsv/opencsv/2.0/opencsv-2.0.jar:/Users/BhavaniPrasad.Bandla/.m2/repository/commons-beanutils/commons-beanutils/1.9.4/commons-beanutils-1.9.4.jar:/Users/BhavaniPrasad.Bandla/.m2/repository/org/apache/commons/commons-lang3/3.12.0/commons-lang3-3.12.0.jar:/Users/BhavaniPrasad.Bandla/.m2/repository/commons-collections/commons-collections/3.2.2/commons-collections-3.2.2.jar:/Users/BhavaniPrasad.Bandla/.m2/repository/org/fluentlenium/fluentlenium-core/0.10.2/fluentlenium-core-0.10.2.jar:/Users/BhavaniPrasad.Bandla/.m2/repository/io/github/bonigarcia/webdrivermanager/5.1.0/webdrivermanager-5.1.0.jar:/Users/BhavaniPrasad.Bandla/.m2/repository/com/github/docker-java/docker-java/3.2.13/docker-java-3.2.13.jar:/Users/BhavaniPrasad.Bandla/.m2/repository/com/github/docker-java/docker-java-core/3.2.13/docker-java-core-3.2.13.jar:/Users/BhavaniPrasad.Bandla/.m2/repository/com/github/docker-java/docker-java-api/3.2.13/docker-java-api-3.2.13.jar:/Users/BhavaniPrasad.Bandla/.m2/repository/org/apache/commons/commons-compress/1.21/commons-compress-1.21.jar:/Users/BhavaniPrasad.Bandla/.m2/repository/org/bouncycastle/bcpkix-jdk15on/1.64/bcpkix-jdk15on-1.64.jar:/Users/BhavaniPrasad.Bandla/.m2/repository/org/bouncycastle/bcprov-jdk15on/1.64/bcprov-jdk15on-1.64.jar:/Users/BhavaniPrasad.Bandla/.m2/repository/org/slf4j/jcl-over-slf4j/1.7.30/jcl-over-slf4j-1.7.30.jar:/Users/BhavaniPrasad.Bandla/.m2/repository/com/github/docker-java/docker-java-transport-httpclient5/3.2.13/docker-java-transport-httpclient5-3.2.13.jar:/Users/BhavaniPrasad.Bandla/.m2/repository/com/github/docker-java/docker-java-transport/3.2.13/docker-java-transport-3.2.13.jar:/Users/BhavaniPrasad.Bandla/.m2/repository/org/apache/httpcomponents/client5/httpclient5/5.0.3/httpclient5-5.0.3.jar:/Users/BhavaniPrasad.Bandla/.m2/repository/org/apache/httpcomponents/core5/httpcore5/5.0.2/httpcore5-5.0.2.jar:/Users/BhavaniPrasad.Bandla/.m2/repository/net/java/dev/jna/jna/5.8.0/jna-5.8.0.jar:/Users/BhavaniPrasad.Bandla/.m2/repository/org/brotli/dec/0.1.2/dec-0.1.2.jar:/Users/BhavaniPrasad.Bandla/.m2/repository/com/jhlabs/filters/2.0.235/filters-2.0.235.jar:/Users/BhavaniPrasad.Bandla/.m2/repository/com/paulhammant/ngwebdriver/1.1.6/ngwebdriver-1.1.6.jar:/Users/BhavaniPrasad.Bandla/.m2/repository/joda-time/joda-time/2.8.2/joda-time-2.8.2.jar:/Users/BhavaniPrasad.Bandla/.m2/repository/org/hamcrest/hamcrest/2.2/hamcrest-2.2.jar:/Users/BhavaniPrasad.Bandla/.m2/repository/com/google/jimfs/jimfs/1.2/jimfs-1.2.jar:/Users/BhavaniPrasad.Bandla/.m2/repository/org/mockito/mockito-core/3.3.3/mockito-core-3.3.3.jar:/Users/BhavaniPrasad.Bandla/.m2/repository/javax/xml/bind/jaxb-api/2.3.1/jaxb-api-2.3.1.jar:/Users/BhavaniPrasad.Bandla/.m2/repository/javax/activation/javax.activation-api/1.2.0/javax.activation-api-1.2.0.jar:/Users/BhavaniPrasad.Bandla/.m2/repository/com/sun/xml/bind/jaxb-core/2.3.0.1/jaxb-core-2.3.0.1.jar:/Users/BhavaniPrasad.Bandla/.m2/repository/com/sun/xml/bind/jaxb-impl/2.3.3/jaxb-impl-2.3.3.jar:/Users/BhavaniPrasad.Bandla/.m2/repository/javax/activation/activation/1.1.1/activation-1.1.1.jar:/Users/BhavaniPrasad.Bandla/.m2/repository/net/serenity-bdd/serenity-single-page-report/3.2.4/serenity-single-page-report-3.2.4.jar:/Users/BhavaniPrasad.Bandla/.m2/repository/net/serenity-bdd/serenity-stats/3.2.4/serenity-stats-3.2.4.jar:/Users/BhavaniPrasad.Bandla/.m2/repository/net/serenity-bdd/serenity-reports-configuration/3.2.4/serenity-reports-configuration-3.2.4.jar:/Users/BhavaniPrasad.Bandla/.m2/repository/org/jetbrains/kotlin/kotlin-stdlib/1.6.0/kotlin-stdlib-1.6.0.jar:/Users/BhavaniPrasad.Bandla/.m2/repository/org/jetbrains/annotations/13.0/annotations-13.0.jar:/Users/BhavaniPrasad.Bandla/.m2/repository/org/jetbrains/kotlin/kotlin-stdlib-common/1.6.0/kotlin-stdlib-common-1.6.0.jar:/Users/BhavaniPrasad.Bandla/.m2/repository/org/thymeleaf/thymeleaf/3.1.0.M1/thymeleaf-3.1.0.M1.jar:/Users/BhavaniPrasad.Bandla/.m2/repository/ognl/ognl/3.2.21/ognl-3.2.21.jar:/Users/BhavaniPrasad.Bandla/.m2/repository/org/attoparser/attoparser/2.0.5.RELEASE/attoparser-2.0.5.RELEASE.jar:/Users/BhavaniPrasad.Bandla/.m2/repository/org/unbescape/unbescape/1.1.6.RELEASE/unbescape-1.1.6.RELEASE.jar:/Users/BhavaniPrasad.Bandla/.m2/repository/org/javassist/javassist/3.28.0-GA/javassist-3.28.0-GA.jar:/Users/BhavaniPrasad.Bandla/.m2/repository/org/knowm/xchart/xchart/3.5.2/xchart-3.5.2.jar:/Users/BhavaniPrasad.Bandla/.m2/repository/de/erichseifert/vectorgraphics2d/VectorGraphics2D/0.13/VectorGraphics2D-0.13.jar:/Users/BhavaniPrasad.Bandla/.m2/repository/org/thymeleaf/extras/thymeleaf-extras-java8time/3.0.4.RELEASE/thymeleaf-extras-java8time-3.0.4.RELEASE.jar:/Users/BhavaniPrasad.Bandla/.m2/repository/net/serenity-bdd/serenity-cucumber/3.2.4/serenity-cucumber-3.2.4.jar:/Users/BhavaniPrasad.Bandla/.m2/repository/net/serenity-bdd/serenity-screenplay/3.2.4/serenity-screenplay-3.2.4.jar:/Users/BhavaniPrasad.Bandla/.m2/repository/net/serenity-bdd/serenity-screenplay-webdriver/3.2.4/serenity-screenplay-webdriver-3.2.4.jar:/Users/BhavaniPrasad.Bandla/.m2/repository/io/cucumber/cucumber-core/7.2.3/cucumber-core-7.2.3.jar:/Users/BhavaniPrasad.Bandla/.m2/repository/io/cucumber/cucumber-gherkin/7.2.3/cucumber-gherkin-7.2.3.jar:/Users/BhavaniPrasad.Bandla/.m2/repository/io/cucumber/cucumber-gherkin-messages/7.2.3/cucumber-gherkin-messages-7.2.3.jar:/Users/BhavaniPrasad.Bandla/.m2/repository/io/cucumber/messages/17.1.1/messages-17.1.1.jar:/Users/BhavaniPrasad.Bandla/.m2/repository/io/cucumber/tag-expressions/4.1.0/tag-expressions-4.1.0.jar:/Users/BhavaniPrasad.Bandla/.m2/repository/io/cucumber/cucumber-expressions/15.0.1/cucumber-expressions-15.0.1.jar:/Users/BhavaniPrasad.Bandla/.m2/repository/io/cucumber/datatable/7.2.3/datatable-7.2.3.jar:/Users/BhavaniPrasad.Bandla/.m2/repository/io/cucumber/cucumber-plugin/7.2.3/cucumber-plugin-7.2.3.jar:/Users/BhavaniPrasad.Bandla/.m2/repository/io/cucumber/docstring/7.2.3/docstring-7.2.3.jar:/Users/BhavaniPrasad.Bandla/.m2/repository/io/cucumber/html-formatter/17.0.0/html-formatter-17.0.0.jar:/Users/BhavaniPrasad.Bandla/.m2/repository/io/cucumber/ci-environment/8.1.0/ci-environment-8.1.0.jar:/Users/BhavaniPrasad.Bandla/.m2/repository/io/cucumber/cucumber-junit/7.2.3/cucumber-junit-7.2.3.jar:/Users/BhavaniPrasad.Bandla/.m2/repository/org/apache/commons/commons-csv/1.5/commons-csv-1.5.jar:/Users/BhavaniPrasad.Bandla/.m2/repository/net/serenity-bdd/serenity-ensure/3.2.4/serenity-ensure-3.2.4.jar:/Users/BhavaniPrasad.Bandla/.m2/repository/net/serenity-bdd/serenity-junit/3.2.4/serenity-junit-3.2.4.jar:/Users/BhavaniPrasad.Bandla/.m2/repository/net/serenity-bdd/serenity-rest-assured/3.2.4/serenity-rest-assured-3.2.4.jar:/Users/BhavaniPrasad.Bandla/.m2/repository/org/apache/httpcomponents/httpclient/4.5.13/httpclient-4.5.13.jar:/Users/BhavaniPrasad.Bandla/.m2/repository/org/apache/httpcomponents/httpcore/4.4.13/httpcore-4.4.13.jar:/Users/BhavaniPrasad.Bandla/.m2/repository/commons-logging/commons-logging/1.2/commons-logging-1.2.jar:/Users/BhavaniPrasad.Bandla/.m2/repository/org/apache/groovy/groovy-json/4.0.1/groovy-json-4.0.1.jar:/Users/BhavaniPrasad.Bandla/.m2/repository/org/apache/groovy/groovy-xml/4.0.1/groovy-xml-4.0.1.jar:/Users/BhavaniPrasad.Bandla/.m2/repository/org/opentest4j/opentest4j/1.2.0/opentest4j-1.2.0.jar:/Users/BhavaniPrasad.Bandla/.m2/repository/org/junit/platform/junit-platform-launcher/1.8.2/junit-platform-launcher-1.8.2.jar:/Users/BhavaniPrasad.Bandla/.m2/repository/org/junit/platform/junit-platform-engine/1.8.2/junit-platform-engine-1.8.2.jar:/Users/BhavaniPrasad.Bandla/.m2/repository/org/junit/platform/junit-platform-commons/1.8.2/junit-platform-commons-1.8.2.jar:/Users/BhavaniPrasad.Bandla/.m2/repository/org/apiguardian/apiguardian-api/1.1.2/apiguardian-api-1.1.2.jar:/Users/BhavaniPrasad.Bandla/.m2/repository/org/junit/jupiter/junit-jupiter-engine/5.8.2/junit-jupiter-engine-5.8.2.jar:/Users/BhavaniPrasad.Bandla/.m2/repository/org/junit/jupiter/junit-jupiter-api/5.8.2/junit-jupiter-api-5.8.2.jar:/Users/BhavaniPrasad.Bandla/.m2/repository/org/junit/vintage/junit-vintage-engine/5.8.2/junit-vintage-engine-5.8.2.jar:/Users/BhavaniPrasad.Bandla/.m2/repository/ch/qos/logback/logback-classic/1.2.11/logback-classic-1.2.11.jar:/Users/BhavaniPrasad.Bandla/.m2/repository/ch/qos/logback/logback-core/1.2.11/logback-core-1.2.11.jar:/Users/BhavaniPrasad.Bandla/.m2/repository/org/slf4j/slf4j-api/1.7.32/slf4j-api-1.7.32.jar:/Users/BhavaniPrasad.Bandla/.m2/repository/org/assertj/assertj-core/3.22.0/assertj-core-3.22.0.jar:/Users/BhavaniPrasad.Bandla/.m2/repository/com/googlecode/json-simple/json-simple/1.1.1/json-simple-1.1.1.jar:/Users/BhavaniPrasad.Bandla/.m2/repository/jakarta/xml/bind/jakarta.xml.bind-api/3.0.1/jakarta.xml.bind-api-3.0.1.jar:/Users/BhavaniPrasad.Bandla/.m2/repository/com/sun/activation/jakarta.activation/2.0.1/jakarta.activation-2.0.1.jar:/Users/BhavaniPrasad.Bandla/.m2/repository/io/rest-assured/rest-assured/5.0.1/rest-assured-5.0.1.jar:/Users/BhavaniPrasad.Bandla/.m2/repository/org/apache/httpcomponents/httpmime/4.5.13/httpmime-4.5.13.jar:/Users/BhavaniPrasad.Bandla/.m2/repository/org/ccil/cowan/tagsoup/tagsoup/1.2.1/tagsoup-1.2.1.jar:/Users/BhavaniPrasad.Bandla/.m2/repository/io/rest-assured/json-path/5.0.1/json-path-5.0.1.jar:/Users/BhavaniPrasad.Bandla/.m2/repository/io/rest-assured/rest-assured-common/5.0.1/rest-assured-common-5.0.1.jar:/Users/BhavaniPrasad.Bandla/.m2/repository/io/rest-assured/xml-path/5.0.1/xml-path-5.0.1.jar:/Users/BhavaniPrasad.Bandla/.m2/repository/org/json/json/20220320/json-20220320.jar:/Users/BhavaniPrasad.Bandla/.m2/repository/junit/junit/4.13.2/junit-4.13.2.jar:/Users/BhavaniPrasad.Bandla/.m2/repository/org/hamcrest/hamcrest-core/1.3/hamcrest-core-1.3.jar:"/>
    <property name="sun.cpu.endian" value="little"/>
    <property name="user.home" value="/Users/BhavaniPrasad.Bandla"/>
    <property name="user.language" value="en"/>
    <property name="java.specification.vendor" value="Oracle Corporation"/>
    <property name="java.home" value="/Users/BhavaniPrasad.Bandla/Library/Java/JavaVirtualMachines/liberica-1.8.0_322/jre"/>
    <property name="basedir" value="/Users/BhavaniPrasad.Bandla/IdeaProjects/local_projects/poc/serenity-bdd-sample-main"/>
    <property name="file.separator" value="/"/>
    <property name="line.separator" value="&#10;"/>
    <property name="java.vm.specification.vendor" value="Oracle Corporation"/>
    <property name="java.specification.name" value="Java Platform API Specification"/>
    <property name="java.awt.graphicsenv" value="sun.awt.CGraphicsEnvironment"/>
    <property name="surefire.real.class.path" value="/Users/BhavaniPrasad.Bandla/IdeaProjects/local_projects/poc/serenity-bdd-sample-main/target/surefire/surefirebooter4584255884076330836.jar"/>
    <property name="sun.boot.class.path" value="/Users/BhavaniPrasad.Bandla/Library/Java/JavaVirtualMachines/liberica-1.8.0_322/jre/lib/resources.jar:/Users/BhavaniPrasad.Bandla/Library/Java/JavaVirtualMachines/liberica-1.8.0_322/jre/lib/rt.jar:/Users/BhavaniPrasad.Bandla/Library/Java/JavaVirtualMachines/liberica-1.8.0_322/jre/lib/sunrsasign.jar:/Users/BhavaniPrasad.Bandla/Library/Java/JavaVirtualMachines/liberica-1.8.0_322/jre/lib/jsse.jar:/Users/BhavaniPrasad.Bandla/Library/Java/JavaVirtualMachines/liberica-1.8.0_322/jre/lib/jce.jar:/Users/BhavaniPrasad.Bandla/Library/Java/JavaVirtualMachines/liberica-1.8.0_322/jre/lib/charsets.jar:/Users/BhavaniPrasad.Bandla/Library/Java/JavaVirtualMachines/liberica-1.8.0_322/jre/lib/jfr.jar:/Users/BhavaniPrasad.Bandla/Library/Java/JavaVirtualMachines/liberica-1.8.0_322/jre/classes"/>
    <property name="sun.management.compiler" value="HotSpot 64-Bit Tiered Compilers"/>
    <property name="ftp.nonProxyHosts" value="local|*.local|169.254/16|*.169.254/16"/>
    <property name="java.runtime.version" value="1.8.0_322-b06"/>
    <property name="user.name" value="BhavaniPrasad.Bandla"/>
    <property name="path.separator" value=":"/>
    <property name="os.version" value="12.3.1"/>
    <property name="java.endorsed.dirs" value="/Users/BhavaniPrasad.Bandla/Library/Java/JavaVirtualMachines/liberica-1.8.0_322/jre/lib/endorsed"/>
    <property name="java.runtime.name" value="OpenJDK Runtime Environment"/>
    <property name="file.encoding" value="UTF-8"/>
    <property name="webdriver.base.url" value="https://www.saucedemo.com/"/>
    <property name="java.vm.name" value="OpenJDK 64-Bit Server VM"/>
    <property name="localRepository" value="/Users/BhavaniPrasad.Bandla/.m2/repository"/>
    <property name="java.vendor.url.bug" value="https://bell-sw.com/support"/>
    <property name="java.io.tmpdir" value="/var/folders/qq/1pry0h9s0x52py_qd5rzcfkc0000gt/T/"/>
    <property name="idea.version" value="2022.1"/>
    <property name="cucumber.filter.tags" value="@api_demo"/>
    <property name="java.version" value="1.8.0_322"/>
    <property name="user.dir" value="/Users/BhavaniPrasad.Bandla/IdeaProjects/local_projects/poc/serenity-bdd-sample-main"/>
    <property name="os.arch" value="aarch64"/>
    <property name="java.vm.specification.name" value="Java Virtual Machine Specification"/>
    <property name="java.awt.printerjob" value="sun.lwawt.macosx.CPrinterJob"/>
    <property name="sun.os.patch.level" value="unknown"/>
    <property name="environment" value="single"/>
    <property name="java.library.path" value="/Users/BhavaniPrasad.Bandla/Library/Java/Extensions:/Library/Java/Extensions:/Network/Library/Java/Extensions:/System/Library/Java/Extensions:/usr/lib/java:."/>
    <property name="java.vm.info" value="mixed mode"/>
    <property name="java.vendor" value="BellSoft"/>
    <property name="java.vm.version" value="25.322-b06"/>
    <property name="java.ext.dirs" value="/Users/BhavaniPrasad.Bandla/Library/Java/Extensions:/Users/BhavaniPrasad.Bandla/Library/Java/JavaVirtualMachines/liberica-1.8.0_322/jre/lib/ext:/Library/Java/Extensions:/Network/Library/Java/Extensions:/System/Library/Java/Extensions:/usr/lib/java"/>
    <property name="sun.io.unicode.encoding" value="UnicodeBig"/>
    <property name="java.class.version" value="52.0"/>
    <property name="socksNonProxyHosts" value="local|*.local|169.254/16|*.169.254/16"/>
  </properties>
  <testcase name="Get the details of employee" classname="Create API test scenarios for Get, Post, Put and Delete Http methods using demo webservice" time="2.569">
    <system-out><![CDATA[22:46:15.552 [main] INFO io.cucumber.core.plugin.SerenityReporter - Running feature from file:///Users/BhavaniPrasad.Bandla/IdeaProjects/local_projects/poc/serenity-bdd-sample-main/src/test/resources/features/api/HappyPath.feature
22:46:15.633 [main] INFO  - &amp#27;[96m

-------------------------------------------------------------------------------------
     _______. _______ .______       _______ .__   __.  __  .___________.____    ____ 
    /       ||   ____||   _  \     |   ____||  \ |  | |  | |           |\   \  /   / 
   |   (----`|  |__   |  |_)  |    |  |__   |   \|  | |  | `---|  |----` \   \/   /  
    \   \    |   __|  |      /     |   __|  |  . `  | |  |     |  |       \_    _/   
.----)   |   |  |____ |  |\  \----.|  |____ |  |\   | |  |     |  |         |  |     
|_______/    |_______|| _| `._____||_______||__| \__| |__|     |__|         |__|    
                                                                                     
 News and tutorials at http://www.serenity-bdd.info                                  
 Documentation at https://wakaleo.gitbooks.io/the-serenity-book/content/             
 Join the Serenity Community on Gitter: https://gitter.im/serenity-bdd/serenity-core 
 Serenity BDD Support and Training at http://serenity-bdd.info/#/trainingandsupport  
-------------------------------------------------------------------------------------
&amp#27;[0m
22:46:15.635 [main] DEBUG net.thucydides.core.steps.StepEventBus - Test suite started for story net.thucydides.core.model.Story@14ef9859
22:46:15.640 [main] INFO io.cucumber.core.plugin.SerenityReporter - Running feature from file:///Users/BhavaniPrasad.Bandla/IdeaProjects/local_projects/poc/serenity-bdd-sample-main/src/test/resources/features/ui/ErrorMessages.feature
22:46:15.644 [main] DEBUG net.thucydides.core.steps.StepEventBus - Test suite started for story net.thucydides.core.model.Story@93aec047
22:46:15.644 [main] INFO io.cucumber.core.plugin.SerenityReporter - Running feature from file:///Users/BhavaniPrasad.Bandla/IdeaProjects/local_projects/poc/serenity-bdd-sample-main/src/test/resources/features/ui/HomePage.feature
22:46:15.646 [main] DEBUG net.thucydides.core.steps.StepEventBus - Test suite started for story net.thucydides.core.model.Story@7ff906c1
22:46:15.647 [main] INFO io.cucumber.core.plugin.SerenityReporter - Running feature from file:///Users/BhavaniPrasad.Bandla/IdeaProjects/local_projects/poc/serenity-bdd-sample-main/src/test/resources/features/ui/ShoppingCart.feature
22:46:15.649 [main] DEBUG net.thucydides.core.steps.StepEventBus - Test suite started for story net.thucydides.core.model.Story@9d47c45c
22:46:15.649 [main] INFO io.cucumber.core.plugin.SerenityReporter - Running feature from file:///Users/BhavaniPrasad.Bandla/IdeaProjects/local_projects/poc/serenity-bdd-sample-main/src/test/resources/features/api/HappyPath.feature
22:46:15.650 [main] DEBUG net.thucydides.core.steps.StepEventBus - Test suite started for story net.thucydides.core.model.Story@14ef9859

@sample @api_demo
Scenario: Get the details of employee                        &amp#27;[90m# src/test/resources/features/api/HappyPath.feature:4&amp#27;[0m
22:46:15.687 [main] INFO io.cucumber.core.plugin.SerenityReporter - Running feature from file:///Users/BhavaniPrasad.Bandla/IdeaProjects/local_projects/poc/serenity-bdd-sample-main/src/test/resources/features/api/HappyPath.feature
22:46:17.061 [main] DEBUG org.apache.http.impl.conn.BasicClientConnectionManager - Get connection for route {}->http://dummy.restapiexample.com:80
22:46:17.088 [main] DEBUG org.apache.http.impl.conn.DefaultClientConnectionOperator - Connecting to dummy.restapiexample.com:80
22:46:17.103 [main] DEBUG org.apache.http.client.protocol.RequestAddCookies - CookieSpec selected: ignoreCookies
22:46:17.103 [main] DEBUG org.apache.http.client.protocol.RequestAuthCache - Auth cache not set in the context
22:46:17.104 [main] DEBUG org.apache.http.client.protocol.RequestTargetAuthentication - Target auth state: UNCHALLENGED
22:46:17.104 [main] DEBUG org.apache.http.client.protocol.RequestProxyAuthentication - Proxy auth state: UNCHALLENGED
22:46:17.104 [main] DEBUG org.apache.http.impl.client.DefaultHttpClient - Attempt 1 to execute request
22:46:17.104 [main] DEBUG org.apache.http.impl.conn.DefaultClientConnection - Sending request: GET /api/v1/employee/1 HTTP/1.1
22:46:17.104 [main] DEBUG org.apache.http.wire -  >> "GET /api/v1/employee/1 HTTP/1.1[\r][\n]"
22:46:17.104 [main] DEBUG org.apache.http.wire -  >> "Content-Type: application/json[\r][\n]"
22:46:17.105 [main] DEBUG org.apache.http.wire -  >> "Accept: */*[\r][\n]"
22:46:17.105 [main] DEBUG org.apache.http.wire -  >> "Host: dummy.restapiexample.com[\r][\n]"
22:46:17.105 [main] DEBUG org.apache.http.wire -  >> "Connection: Keep-Alive[\r][\n]"
22:46:17.105 [main] DEBUG org.apache.http.wire -  >> "User-Agent: Apache-HttpClient/4.5.13 (Java/1.8.0_322)[\r][\n]"
22:46:17.105 [main] DEBUG org.apache.http.wire -  >> "Accept-Encoding: gzip,deflate[\r][\n]"
22:46:17.105 [main] DEBUG org.apache.http.wire -  >> "[\r][\n]"
22:46:17.105 [main] DEBUG org.apache.http.headers - >> GET /api/v1/employee/1 HTTP/1.1
22:46:17.105 [main] DEBUG org.apache.http.headers - >> Content-Type: application/json
22:46:17.105 [main] DEBUG org.apache.http.headers - >> Accept: */*
22:46:17.105 [main] DEBUG org.apache.http.headers - >> Host: dummy.restapiexample.com
22:46:17.105 [main] DEBUG org.apache.http.headers - >> Connection: Keep-Alive
22:46:17.105 [main] DEBUG org.apache.http.headers - >> User-Agent: Apache-HttpClient/4.5.13 (Java/1.8.0_322)
22:46:17.105 [main] DEBUG org.apache.http.headers - >> Accept-Encoding: gzip,deflate
22:46:17.715 [main] DEBUG org.apache.http.wire -  << "HTTP/1.1 200 OK[\r][\n]"
22:46:17.717 [main] DEBUG org.apache.http.wire -  << "Cache-Control: no-cache, private, max-age=31536000[\r][\n]"
22:46:17.717 [main] DEBUG org.apache.http.wire -  << "Content-Type: application/json[\r][\n]"
22:46:17.717 [main] DEBUG org.apache.http.wire -  << "Date: Mon, 25 Apr 2022 21:46:17 GMT[\r][\n]"
22:46:17.717 [main] DEBUG org.apache.http.wire -  << "Display: staticcontent_sol[\r][\n]"
22:46:17.718 [main] DEBUG org.apache.http.wire -  << "Expires: Tue, 25 Apr 2023 21:46:17 GMT[\r][\n]"
22:46:17.718 [main] DEBUG org.apache.http.wire -  << "Host-Header: c2hhcmVkLmJsdWVob3N0LmNvbQ==[\r][\n]"
22:46:17.718 [main] DEBUG org.apache.http.wire -  << "Referrer-Policy: [\r][\n]"
22:46:17.718 [main] DEBUG org.apache.http.wire -  << "Response: 200[\r][\n]"
22:46:17.718 [main] DEBUG org.apache.http.wire -  << "Server: nginx/1.19.10[\r][\n]"
22:46:17.718 [main] DEBUG org.apache.http.wire -  << "Vary: Accept-Encoding[\r][\n]"
22:46:17.718 [main] DEBUG org.apache.http.wire -  << "Vary: Accept-Encoding,User-Agent,Origin[\r][\n]"
22:46:17.718 [main] DEBUG org.apache.http.wire -  << "X-Ezoic-Cdn: Miss[\r][\n]"
22:46:17.718 [main] DEBUG org.apache.http.wire -  << "X-Middleton-Display: staticcontent_sol[\r][\n]"
22:46:17.718 [main] DEBUG org.apache.http.wire -  << "X-Middleton-Response: 200[\r][\n]"
22:46:17.718 [main] DEBUG org.apache.http.wire -  << "X-Origin-Cache-Control: no-cache, private[\r][\n]"
22:46:17.718 [main] DEBUG org.apache.http.wire -  << "X-Ratelimit-Limit: 60[\r][\n]"
22:46:17.719 [main] DEBUG org.apache.http.wire -  << "X-Ratelimit-Remaining: 58[\r][\n]"
22:46:17.719 [main] DEBUG org.apache.http.wire -  << "X-Server-Cache: false[\r][\n]"
22:46:17.719 [main] DEBUG org.apache.http.wire -  << "X-Sol: pub_site[\r][\n]"
22:46:17.719 [main] DEBUG org.apache.http.wire -  << "Content-Length: 179[\r][\n]"
22:46:17.719 [main] DEBUG org.apache.http.wire -  << "[\r][\n]"
22:46:17.720 [main] DEBUG org.apache.http.impl.conn.DefaultClientConnection - Receiving response: HTTP/1.1 200 OK
22:46:17.720 [main] DEBUG org.apache.http.headers - << HTTP/1.1 200 OK
22:46:17.720 [main] DEBUG org.apache.http.headers - << Cache-Control: no-cache, private, max-age=31536000
22:46:17.720 [main] DEBUG org.apache.http.headers - << Content-Type: application/json
22:46:17.720 [main] DEBUG org.apache.http.headers - << Date: Mon, 25 Apr 2022 21:46:17 GMT
22:46:17.720 [main] DEBUG org.apache.http.headers - << Display: staticcontent_sol
22:46:17.720 [main] DEBUG org.apache.http.headers - << Expires: Tue, 25 Apr 2023 21:46:17 GMT
22:46:17.720 [main] DEBUG org.apache.http.headers - << Host-Header: c2hhcmVkLmJsdWVob3N0LmNvbQ==
22:46:17.720 [main] DEBUG org.apache.http.headers - << Referrer-Policy: 
22:46:17.721 [main] DEBUG org.apache.http.headers - << Response: 200
22:46:17.721 [main] DEBUG org.apache.http.headers - << Server: nginx/1.19.10
22:46:17.721 [main] DEBUG org.apache.http.headers - << Vary: Accept-Encoding
22:46:17.721 [main] DEBUG org.apache.http.headers - << Vary: Accept-Encoding,User-Agent,Origin
22:46:17.721 [main] DEBUG org.apache.http.headers - << X-Ezoic-Cdn: Miss
22:46:17.721 [main] DEBUG org.apache.http.headers - << X-Middleton-Display: staticcontent_sol
22:46:17.721 [main] DEBUG org.apache.http.headers - << X-Middleton-Response: 200
22:46:17.721 [main] DEBUG org.apache.http.headers - << X-Origin-Cache-Control: no-cache, private
22:46:17.721 [main] DEBUG org.apache.http.headers - << X-Ratelimit-Limit: 60
22:46:17.721 [main] DEBUG org.apache.http.headers - << X-Ratelimit-Remaining: 58
22:46:17.721 [main] DEBUG org.apache.http.headers - << X-Server-Cache: false
22:46:17.721 [main] DEBUG org.apache.http.headers - << X-Sol: pub_site
22:46:17.721 [main] DEBUG org.apache.http.headers - << Content-Length: 179
22:46:17.725 [main] DEBUG org.apache.http.impl.client.DefaultHttpClient - Connection can be kept alive indefinitely
22:46:17.730 [main] DEBUG io.restassured.internal.RestAssuredHttpBuilder - Parsing response as: application/json
22:46:17.730 [main] DEBUG io.restassured.internal.RestAssuredHttpBuilder - Parsed data to instance of: class org.apache.http.conn.EofSensorInputStream
22:46:17.769 [main] DEBUG org.apache.http.wire -  << "{"status":"success","data":{"id":1,"employee_name":"Tiger Nixon","employee_salary":320800,"employee_age":61,"profile_image":""},"message":"Successfully! Record has been fetched."}"
22:46:17.769 [main] DEBUG org.apache.http.impl.conn.BasicClientConnectionManager - Releasing connection org.apache.http.impl.conn.ManagedClientConnectionImpl@6ddee60f
22:46:17.769 [main] DEBUG org.apache.http.impl.conn.BasicClientConnectionManager - Connection can be kept alive indefinitely
  &amp#27;[32mGiven &amp#27;[0m&amp#27;[32mI send a request to endpoint using params &amp#27;[0m&amp#27;[32m&amp#27;[1memployee/1&amp#27;[0m &amp#27;[90m# com.enginegroup.stepdef.api.EmployeeDefinitions.sendGetRequest(java.lang.String)&amp#27;[0m
  &amp#27;[32mThen &amp#27;[0m&amp#27;[32mThe API should return status &amp#27;[0m&amp#27;[32m&amp#27;[1m200&amp#27;[0m                      &amp#27;[90m# com.enginegroup.stepdef.api.EmployeeDefinitions.verifyResponse(int)&amp#27;[0m
  &amp#27;[32mAnd &amp#27;[0m&amp#27;[32mResponse should contains employee name &amp#27;[0m&amp#27;[32m&amp#27;[1mTiger Nixon&amp#27;[0m     &amp#27;[90m# com.enginegroup.stepdef.api.EmployeeDefinitions.verifyResponseContent(java.lang.String)&amp#27;[0m
]]></system-out>
  </testcase>
  <testcase name="Create an employee using dummy body content" classname="Create API test scenarios for Get, Post, Put and Delete Http methods using demo webservice" time="0.018">
    <error message="&quot;I send a request to endpoint using params create and following body content name salary age&quot; matches more than one step definition:&#10;  &quot;I send a request to endpoint using params {}&quot; in com.enginegroup.stepdef.api.EmployeeDefinitions.sendGetRequest(java.lang.String)&#10;  &quot;I send a request to endpoint using params {} and following body content {} {} {}&quot; in com.enginegroup.stepdef.api.EmployeeDefinitions.sendPostRequest(java.lang.String,java.lang.String,int,int)" type="io.cucumber.core.runner.AmbiguousStepDefinitionsException"><![CDATA[io.cucumber.core.runner.AmbiguousStepDefinitionsException: 
"I send a request to endpoint using params create and following body content name salary age" matches more than one step definition:
  "I send a request to endpoint using params {}" in com.enginegroup.stepdef.api.EmployeeDefinitions.sendGetRequest(java.lang.String)
  "I send a request to endpoint using params {} and following body content {} {} {}" in com.enginegroup.stepdef.api.EmployeeDefinitions.sendPostRequest(java.lang.String,java.lang.String,int,int)
	at io.cucumber.core.runner.CachingGlue.findStepDefinitionMatch(CachingGlue.java:402)
	at io.cucumber.core.runner.CachingGlue.stepDefinitionMatch(CachingGlue.java:370)
	at io.cucumber.core.runner.Runner.matchStepToStepDefinition(Runner.java:183)
	at io.cucumber.core.runner.Runner.createTestStepsForPickleSteps(Runner.java:163)
	at io.cucumber.core.runner.Runner.createTestCaseForPickle(Runner.java:146)
	at io.cucumber.core.runner.Runner.runPickle(Runner.java:74)
	at io.cucumber.junit.PickleRunners$NoStepDescriptions.lambda$run$0(PickleRunners.java:151)
	at io.cucumber.core.runtime.CucumberExecutionContext.lambda$runTestCase$3(CucumberExecutionContext.java:151)
	at io.cucumber.core.runtime.RethrowingThrowableCollector.executeAndThrow(RethrowingThrowableCollector.java:23)
	at io.cucumber.core.runtime.CucumberExecutionContext.runTestCase(CucumberExecutionContext.java:151)
	at io.cucumber.junit.PickleRunners$NoStepDescriptions.run(PickleRunners.java:148)
	at io.cucumber.junit.FeatureRunner.runChild(FeatureRunner.java:144)
	at io.cucumber.junit.FeatureRunner.runChild(FeatureRunner.java:28)
	at org.junit.runners.ParentRunner$4.run(ParentRunner.java:331)
	at org.junit.runners.ParentRunner$1.schedule(ParentRunner.java:79)
	at org.junit.runners.ParentRunner.runChildren(ParentRunner.java:329)
	at org.junit.runners.ParentRunner.access$100(ParentRunner.java:66)
	at org.junit.runners.ParentRunner$2.evaluate(ParentRunner.java:293)
	at org.junit.runners.ParentRunner$3.evaluate(ParentRunner.java:306)
	at org.junit.runners.ParentRunner.run(ParentRunner.java:413)
	at io.cucumber.junit.FeatureRunner.run(FeatureRunner.java:137)
	at io.cucumber.junit.CucumberSerenityRunner.runChild(CucumberSerenityRunner.java:258)
	at io.cucumber.junit.CucumberSerenityRunner.runChild(CucumberSerenityRunner.java:58)
	at org.junit.runners.ParentRunner$4.run(ParentRunner.java:331)
	at org.junit.runners.ParentRunner$1.schedule(ParentRunner.java:79)
	at org.junit.runners.ParentRunner.runChildren(ParentRunner.java:329)
	at org.junit.runners.ParentRunner.access$100(ParentRunner.java:66)
	at org.junit.runners.ParentRunner$2.evaluate(ParentRunner.java:293)
	at io.cucumber.junit.CucumberSerenityRunner$RunCucumber.evaluate(CucumberSerenityRunner.java:287)
	at org.junit.internal.runners.statements.RunBefores.evaluate(RunBefores.java:26)
	at org.junit.runners.ParentRunner$3.evaluate(ParentRunner.java:306)
	at org.junit.runners.ParentRunner.run(ParentRunner.java:413)
	at org.junit.runner.JUnitCore.run(JUnitCore.java:137)
	at org.junit.runner.JUnitCore.run(JUnitCore.java:115)
	at org.junit.vintage.engine.execution.RunnerExecutor.execute(RunnerExecutor.java:42)
	at org.junit.vintage.engine.VintageTestEngine.executeAllChildren(VintageTestEngine.java:80)
	at org.junit.vintage.engine.VintageTestEngine.execute(VintageTestEngine.java:72)
	at org.junit.platform.launcher.core.EngineExecutionOrchestrator.execute(EngineExecutionOrchestrator.java:107)
	at org.junit.platform.launcher.core.EngineExecutionOrchestrator.execute(EngineExecutionOrchestrator.java:88)
	at org.junit.platform.launcher.core.EngineExecutionOrchestrator.lambda$execute$0(EngineExecutionOrchestrator.java:54)
	at org.junit.platform.launcher.core.EngineExecutionOrchestrator.withInterceptedStreams(EngineExecutionOrchestrator.java:67)
	at org.junit.platform.launcher.core.EngineExecutionOrchestrator.execute(EngineExecutionOrchestrator.java:52)
	at org.junit.platform.launcher.core.DefaultLauncher.execute(DefaultLauncher.java:114)
	at org.junit.platform.launcher.core.DefaultLauncher.execute(DefaultLauncher.java:86)
	at org.junit.platform.launcher.core.DefaultLauncherSession$DelegatingLauncher.execute(DefaultLauncherSession.java:86)
	at org.apache.maven.surefire.junitplatform.LazyLauncher.execute(LazyLauncher.java:55)
	at org.apache.maven.surefire.junitplatform.JUnitPlatformProvider.execute(JUnitPlatformProvider.java:223)
	at org.apache.maven.surefire.junitplatform.JUnitPlatformProvider.invokeAllTests(JUnitPlatformProvider.java:175)
	at org.apache.maven.surefire.junitplatform.JUnitPlatformProvider.invoke(JUnitPlatformProvider.java:139)
	at org.apache.maven.surefire.booter.ForkedBooter.runSuitesInProcess(ForkedBooter.java:456)
	at org.apache.maven.surefire.booter.ForkedBooter.execute(ForkedBooter.java:169)
	at org.apache.maven.surefire.booter.ForkedBooter.run(ForkedBooter.java:595)
	at org.apache.maven.surefire.booter.ForkedBooter.main(ForkedBooter.java:581)
]]></error>
    <system-out><![CDATA[
@sample @api_demo
Scenario: Create an employee using dummy body content                                               &amp#27;[90m# src/test/resources/features/api/HappyPath.feature:9&amp#27;[0m
22:46:18.224 [main] INFO io.cucumber.core.plugin.SerenityReporter - Running feature from file:///Users/BhavaniPrasad.Bandla/IdeaProjects/local_projects/poc/serenity-bdd-sample-main/src/test/resources/features/api/HappyPath.feature
  &amp#27;[31mGiven &amp#27;[0m&amp#27;[31mI send a request to endpoint using params create and following body content name salary age&amp#27;[0m
    | name | salary | age |
    | test | 123    | 23  |
      &amp#27;[31mio.cucumber.core.runner.AmbiguousStepDefinitionsException: "I send a request to endpoint using params create and following body content name salary age" matches more than one step definition:
  "I send a request to endpoint using params {}" in com.enginegroup.stepdef.api.EmployeeDefinitions.sendGetRequest(java.lang.String)
  "I send a request to endpoint using params {} and following body content {} {} {}" in com.enginegroup.stepdef.api.EmployeeDefinitions.sendPostRequest(java.lang.String,java.lang.String,int,int)
	at io.cucumber.core.runner.CachingGlue.findStepDefinitionMatch(CachingGlue.java:402)
	at io.cucumber.core.runner.CachingGlue.stepDefinitionMatch(CachingGlue.java:370)
	at io.cucumber.core.runner.Runner.matchStepToStepDefinition(Runner.java:183)
	at io.cucumber.core.runner.Runner.createTestStepsForPickleSteps(Runner.java:163)
	at io.cucumber.core.runner.Runner.createTestCaseForPickle(Runner.java:146)
	at io.cucumber.core.runner.Runner.runPickle(Runner.java:74)
	at io.cucumber.junit.PickleRunners$NoStepDescriptions.lambda$run$0(PickleRunners.java:151)
	at io.cucumber.core.runtime.CucumberExecutionContext.lambda$runTestCase$3(CucumberExecutionContext.java:151)
	at io.cucumber.core.runtime.RethrowingThrowableCollector.executeAndThrow(RethrowingThrowableCollector.java:23)
	at io.cucumber.core.runtime.CucumberExecutionContext.runTestCase(CucumberExecutionContext.java:151)
	at io.cucumber.junit.PickleRunners$NoStepDescriptions.run(PickleRunners.java:148)
	at io.cucumber.junit.FeatureRunner.runChild(FeatureRunner.java:144)
	at io.cucumber.junit.FeatureRunner.runChild(FeatureRunner.java:28)
	at org.junit.runners.ParentRunner$4.run(ParentRunner.java:331)
	at org.junit.runners.ParentRunner$1.schedule(ParentRunner.java:79)
	at org.junit.runners.ParentRunner.runChildren(ParentRunner.java:329)
	at org.junit.runners.ParentRunner.access$100(ParentRunner.java:66)
	at org.junit.runners.ParentRunner$2.evaluate(ParentRunner.java:293)
	at org.junit.runners.ParentRunner$3.evaluate(ParentRunner.java:306)
	at org.junit.runners.ParentRunner.run(ParentRunner.java:413)
	at io.cucumber.junit.FeatureRunner.run(FeatureRunner.java:137)
	at io.cucumber.junit.CucumberSerenityRunner.runChild(CucumberSerenityRunner.java:258)
	at io.cucumber.junit.CucumberSerenityRunner.runChild(CucumberSerenityRunner.java:58)
	at org.junit.runners.ParentRunner$4.run(ParentRunner.java:331)
	at org.junit.runners.ParentRunner$1.schedule(ParentRunner.java:79)
	at org.junit.runners.ParentRunner.runChildren(ParentRunner.java:329)
	at org.junit.runners.ParentRunner.access$100(ParentRunner.java:66)
	at org.junit.runners.ParentRunner$2.evaluate(ParentRunner.java:293)
	at io.cucumber.junit.CucumberSerenityRunner$RunCucumber.evaluate(CucumberSerenityRunner.java:287)
	at org.junit.internal.runners.statements.RunBefores.evaluate(RunBefores.java:26)
	at org.junit.runners.ParentRunner$3.evaluate(ParentRunner.java:306)
	at org.junit.runners.ParentRunner.run(ParentRunner.java:413)
	at org.junit.runner.JUnitCore.run(JUnitCore.java:137)
	at org.junit.runner.JUnitCore.run(JUnitCore.java:115)
	at org.junit.vintage.engine.execution.RunnerExecutor.execute(RunnerExecutor.java:42)
	at org.junit.vintage.engine.VintageTestEngine.executeAllChildren(VintageTestEngine.java:80)
	at org.junit.vintage.engine.VintageTestEngine.execute(VintageTestEngine.java:72)
	at org.junit.platform.launcher.core.EngineExecutionOrchestrator.execute(EngineExecutionOrchestrator.java:107)
	at org.junit.platform.launcher.core.EngineExecutionOrchestrator.execute(EngineExecutionOrchestrator.java:88)
	at org.junit.platform.launcher.core.EngineExecutionOrchestrator.lambda$execute$0(EngineExecutionOrchestrator.java:54)
	at org.junit.platform.launcher.core.EngineExecutionOrchestrator.withInterceptedStreams(EngineExecutionOrchestrator.java:67)
	at org.junit.platform.launcher.core.EngineExecutionOrchestrator.execute(EngineExecutionOrchestrator.java:52)
	at org.junit.platform.launcher.core.DefaultLauncher.execute(DefaultLauncher.java:114)
	at org.junit.platform.launcher.core.DefaultLauncher.execute(DefaultLauncher.java:86)
	at org.junit.platform.launcher.core.DefaultLauncherSession$DelegatingLauncher.execute(DefaultLauncherSession.java:86)
	at org.apache.maven.surefire.junitplatform.LazyLauncher.execute(LazyLauncher.java:55)
	at org.apache.maven.surefire.junitplatform.JUnitPlatformProvider.execute(JUnitPlatformProvider.java:223)
	at org.apache.maven.surefire.junitplatform.JUnitPlatformProvider.invokeAllTests(JUnitPlatformProvider.java:175)
	at org.apache.maven.surefire.junitplatform.JUnitPlatformProvider.invoke(JUnitPlatformProvider.java:139)
	at org.apache.maven.surefire.booter.ForkedBooter.runSuitesInProcess(ForkedBooter.java:456)
	at org.apache.maven.surefire.booter.ForkedBooter.execute(ForkedBooter.java:169)
	at org.apache.maven.surefire.booter.ForkedBooter.run(ForkedBooter.java:595)
	at org.apache.maven.surefire.booter.ForkedBooter.main(ForkedBooter.java:581)
&amp#27;[0m
  &amp#27;[36mThen &amp#27;[0m&amp#27;[36mThe API should return status &amp#27;[0m&amp#27;[36m&amp#27;[1m200&amp#27;[0m                                                             &amp#27;[90m# com.enginegroup.stepdef.api.EmployeeDefinitions.verifyResponse(int)&amp#27;[0m
  &amp#27;[36mAnd &amp#27;[0m&amp#27;[36mResponse should contains employee name &amp#27;[0m&amp#27;[36m&amp#27;[1mtest&amp#27;[0m                                                   &amp#27;[90m# com.enginegroup.stepdef.api.EmployeeDefinitions.verifyResponseContent(java.lang.String)&amp#27;[0m
]]></system-out>
  </testcase>
</testsuite>